2023-12-19 17:12:66 INFO  LoginPage :61 - Enter username : Admin in user name field [[ChromeDriver: chrome on windows (0fa6b8cca74d93424f4a3d99a9cce456)] -> name: username]
2023-12-19 17:12:210 INFO  LoginPage :63 - Enter Password : admin123 in password field [[ChromeDriver: chrome on windows (0fa6b8cca74d93424f4a3d99a9cce456)] -> name: password]
2023-12-19 17:12:240 INFO  LoginPage :65 - clicking on login button : [[ChromeDriver: chrome on windows (0fa6b8cca74d93424f4a3d99a9cce456)] -> xpath: //button[normalize-space()='Login']]
2023-12-19 17:12:448 INFO  LoginPage :61 - Enter username : Admin in user name field [[ChromeDriver: chrome on windows (f146d7c605be2d27e53ba01601939671)] -> name: username]
2023-12-19 17:12:587 INFO  LoginPage :63 - Enter Password : admin123 in password field [[ChromeDriver: chrome on windows (f146d7c605be2d27e53ba01601939671)] -> name: password]
2023-12-19 17:12:766 INFO  LoginPage :65 - clicking on login button : [[ChromeDriver: chrome on windows (f146d7c605be2d27e53ba01601939671)] -> xpath: //button[normalize-space()='Login']]
2023-12-19 17:12:482 INFO  LoginPage :61 - Enter username : Admin in user name field [[ChromeDriver: chrome on windows (212a11b7d88e54efb491bf80efccb43b)] -> name: username]
2023-12-19 17:12:623 INFO  LoginPage :63 - Enter Password : admin123 in password field [[ChromeDriver: chrome on windows (212a11b7d88e54efb491bf80efccb43b)] -> name: password]
2023-12-19 17:12:692 INFO  LoginPage :65 - clicking on login button : [[ChromeDriver: chrome on windows (212a11b7d88e54efb491bf80efccb43b)] -> xpath: //button[normalize-space()='Login']]
2023-12-19 17:12:471 INFO  LoginPage :61 - Enter username : Admin in user name field [[ChromeDriver: chrome on windows (14c29d2fc4ca0a998f7acedec00845e2)] -> name: username]
2023-12-19 17:12:598 INFO  LoginPage :63 - Enter Password : admin123 in password field [[ChromeDriver: chrome on windows (14c29d2fc4ca0a998f7acedec00845e2)] -> name: password]
2023-12-19 17:12:678 INFO  LoginPage :65 - clicking on login button : [[ChromeDriver: chrome on windows (14c29d2fc4ca0a998f7acedec00845e2)] -> xpath: //button[normalize-space()='Login']]
2023-12-19 17:12:779 INFO  LoginPage :61 - Enter username : Admin in user name field [[ChromeDriver: chrome on windows (864f08a674d6dbb2ad49a98be063992b)] -> name: username]
2023-12-19 17:12:922 INFO  LoginPage :63 - Enter Password : admin123 in password field [[ChromeDriver: chrome on windows (864f08a674d6dbb2ad49a98be063992b)] -> name: password]
2023-12-19 17:12:06 INFO  LoginPage :65 - clicking on login button : [[ChromeDriver: chrome on windows (864f08a674d6dbb2ad49a98be063992b)] -> xpath: //button[normalize-space()='Login']]
2023-12-19 17:12:37 INFO  LoginPage :61 - Enter username : Admin in user name field [[ChromeDriver: chrome on windows (0e09fd7812b3f7c6bc545925efc9e0eb)] -> name: username]
2023-12-19 17:12:157 INFO  LoginPage :63 - Enter Password : admin123 in password field [[ChromeDriver: chrome on windows (0e09fd7812b3f7c6bc545925efc9e0eb)] -> name: password]
2023-12-19 17:12:247 INFO  LoginPage :65 - clicking on login button : [[ChromeDriver: chrome on windows (0e09fd7812b3f7c6bc545925efc9e0eb)] -> xpath: //button[normalize-space()='Login']]
2023-12-19 17:12:493 INFO  LoginPage :61 - Enter username : Admin in user name field [[ChromeDriver: chrome on windows (e271be6c9a0f42134618753f33a1c7bd)] -> name: username]
2023-12-19 17:12:613 INFO  LoginPage :63 - Enter Password : admin123 in password field [[ChromeDriver: chrome on windows (e271be6c9a0f42134618753f33a1c7bd)] -> name: password]
2023-12-19 17:12:652 INFO  LoginPage :65 - clicking on login button : [[ChromeDriver: chrome on windows (e271be6c9a0f42134618753f33a1c7bd)] -> xpath: //button[normalize-space()='Login']]
2023-12-19 17:12:21 INFO  HomePage :59 - Clicking on admin : [[ChromeDriver: chrome on windows (e271be6c9a0f42134618753f33a1c7bd)] -> xpath: //li[1]//a[1]//span[1]]
2023-12-19 17:12:289 INFO  ViewSystemUsersPage :83 - Get system user text from : [[ChromeDriver: chrome on windows (e271be6c9a0f42134618753f33a1c7bd)] -> xpath: //h5[normalize-space()='System Users']]
2023-12-19 17:12:649 INFO  ViewSystemUsersPage :125 - Clicking on add button : [[ChromeDriver: chrome on windows (e271be6c9a0f42134618753f33a1c7bd)] -> xpath: //button[normalize-space()='Add']]
2023-12-19 17:12:81 INFO  LoginPage :61 - Enter username : Admin in user name field [[ChromeDriver: chrome on windows (8ee82ea759642a997428ce749b79f411)] -> name: username]
2023-12-19 17:12:205 INFO  LoginPage :63 - Enter Password : admin123 in password field [[ChromeDriver: chrome on windows (8ee82ea759642a997428ce749b79f411)] -> name: password]
2023-12-19 17:12:280 INFO  LoginPage :65 - clicking on login button : [[ChromeDriver: chrome on windows (8ee82ea759642a997428ce749b79f411)] -> xpath: //button[normalize-space()='Login']]
2023-12-19 17:12:583 INFO  HomePage :59 - Clicking on admin : [[ChromeDriver: chrome on windows (8ee82ea759642a997428ce749b79f411)] -> xpath: //li[1]//a[1]//span[1]]
2023-12-19 17:12:945 INFO  ViewSystemUsersPage :83 - Get system user text from : [[ChromeDriver: chrome on windows (8ee82ea759642a997428ce749b79f411)] -> xpath: //h5[normalize-space()='System Users']]
2023-12-19 17:12:139 INFO  ViewSystemUsersPage :89 - Enter User name : Linda.Anderson in username field [[ChromeDriver: chrome on windows (8ee82ea759642a997428ce749b79f411)] -> xpath: //div[@class='oxd-input-group oxd-input-field-bottom-space']//div//input[@class='oxd-input oxd-input--active']]
2023-12-19 17:12:221 INFO  ViewSystemUsersPage :94 - Enter user role : Admin [[ChromeDriver: chrome on windows (8ee82ea759642a997428ce749b79f411)] -> xpath: (//div[contains(text(),'-- Select --')])[1]]
2023-12-19 17:12:319 INFO  ViewSystemUsersPage :104 - Enter status : Enabled in status box [[ChromeDriver: chrome on windows (8ee82ea759642a997428ce749b79f411)] -> xpath: (//div[contains(text(),'-- Select --')])[2]]
2023-12-19 17:12:509 INFO  ViewSystemUsersPage :109 - Clicking on search button : [[ChromeDriver: chrome on windows (8ee82ea759642a997428ce749b79f411)] -> xpath: //button[normalize-space()='Search']]
2023-12-19 17:12:251 INFO  LoginPage :61 - Enter username : Admin in user name field [[ChromeDriver: chrome on windows (7ae79641f024bb433497305ef27d01f0)] -> name: username]
2023-12-19 17:12:388 INFO  LoginPage :63 - Enter Password : admin123 in password field [[ChromeDriver: chrome on windows (7ae79641f024bb433497305ef27d01f0)] -> name: password]
2023-12-19 17:12:470 INFO  LoginPage :65 - clicking on login button : [[ChromeDriver: chrome on windows (7ae79641f024bb433497305ef27d01f0)] -> xpath: //button[normalize-space()='Login']]
2023-12-19 17:12:775 INFO  HomePage :59 - Clicking on admin : [[ChromeDriver: chrome on windows (7ae79641f024bb433497305ef27d01f0)] -> xpath: //li[1]//a[1]//span[1]]
2023-12-19 17:12:118 INFO  ViewSystemUsersPage :83 - Get system user text from : [[ChromeDriver: chrome on windows (7ae79641f024bb433497305ef27d01f0)] -> xpath: //h5[normalize-space()='System Users']]
2023-12-19 17:12:218 INFO  ViewSystemUsersPage :89 - Enter User name : Admin in username field [[ChromeDriver: chrome on windows (7ae79641f024bb433497305ef27d01f0)] -> xpath: //div[@class='oxd-input-group oxd-input-field-bottom-space']//div//input[@class='oxd-input oxd-input--active']]
2023-12-19 17:12:319 INFO  ViewSystemUsersPage :94 - Enter user role : Admin [[ChromeDriver: chrome on windows (7ae79641f024bb433497305ef27d01f0)] -> xpath: (//div[contains(text(),'-- Select --')])[1]]
2023-12-19 17:12:438 INFO  ViewSystemUsersPage :99 - Enter employee name : Paul Collings in employee name field [[ChromeDriver: chrome on windows (7ae79641f024bb433497305ef27d01f0)] -> xpath: //input[@placeholder='Type for hints...']]
2023-12-19 17:12:519 INFO  ViewSystemUsersPage :104 - Enter status : Enabled in status box [[ChromeDriver: chrome on windows (7ae79641f024bb433497305ef27d01f0)] -> xpath: (//div[contains(text(),'-- Select --')])[2]]
2023-12-19 17:12:706 INFO  ViewSystemUsersPage :109 - Clicking on search button : [[ChromeDriver: chrome on windows (7ae79641f024bb433497305ef27d01f0)] -> xpath: //button[normalize-space()='Search']]
2023-12-19 17:12:765 INFO  ViewSystemUsersPage :136 - Get deleted successfully text : [[ChromeDriver: chrome on windows (7ae79641f024bb433497305ef27d01f0)] -> xpath: //span[@class='oxd-text oxd-text--span']]
2023-12-19 17:12:744 INFO  LoginPage :61 - Enter username : Admin in user name field [[ChromeDriver: chrome on windows (718d337c614766204aff4062c2c84c93)] -> name: username]
2023-12-19 17:12:849 INFO  LoginPage :63 - Enter Password : admin123 in password field [[ChromeDriver: chrome on windows (718d337c614766204aff4062c2c84c93)] -> name: password]
2023-12-19 17:12:927 INFO  LoginPage :65 - clicking on login button : [[ChromeDriver: chrome on windows (718d337c614766204aff4062c2c84c93)] -> xpath: //button[normalize-space()='Login']]
2023-12-19 17:12:165 INFO  HomePage :59 - Clicking on admin : [[ChromeDriver: chrome on windows (718d337c614766204aff4062c2c84c93)] -> xpath: //li[1]//a[1]//span[1]]
2023-12-19 17:12:454 INFO  ViewSystemUsersPage :83 - Get system user text from : [[ChromeDriver: chrome on windows (718d337c614766204aff4062c2c84c93)] -> xpath: //h5[normalize-space()='System Users']]
2023-12-19 17:12:604 INFO  ViewSystemUsersPage :89 - Enter User name : Cassidy.Hope in username field [[ChromeDriver: chrome on windows (718d337c614766204aff4062c2c84c93)] -> xpath: //div[@class='oxd-input-group oxd-input-field-bottom-space']//div//input[@class='oxd-input oxd-input--active']]
2023-12-19 17:12:687 INFO  ViewSystemUsersPage :94 - Enter user role : Admin [[ChromeDriver: chrome on windows (718d337c614766204aff4062c2c84c93)] -> xpath: (//div[contains(text(),'-- Select --')])[1]]
2023-12-19 17:12:794 INFO  ViewSystemUsersPage :99 - Enter employee name : Cassidy Hope in employee name field [[ChromeDriver: chrome on windows (718d337c614766204aff4062c2c84c93)] -> xpath: //input[@placeholder='Type for hints...']]
2023-12-19 17:12:867 INFO  ViewSystemUsersPage :104 - Enter status : Enabled in status box [[ChromeDriver: chrome on windows (718d337c614766204aff4062c2c84c93)] -> xpath: (//div[contains(text(),'-- Select --')])[2]]
2023-12-19 17:12:42 INFO  ViewSystemUsersPage :109 - Clicking on search button : [[ChromeDriver: chrome on windows (718d337c614766204aff4062c2c84c93)] -> xpath: //button[normalize-space()='Search']]
2023-12-19 17:12:88 INFO  ViewSystemUsersPage :136 - Get deleted successfully text : [[ChromeDriver: chrome on windows (718d337c614766204aff4062c2c84c93)] -> xpath: //span[@class='oxd-text oxd-text--span']]
2023-12-19 17:12:964 INFO  LoginPage :61 - Enter username : Admin in user name field [[ChromeDriver: chrome on windows (06ca563b12176576496473a495aea794)] -> name: username]
2023-12-19 17:12:87 INFO  LoginPage :63 - Enter Password : admin123 in password field [[ChromeDriver: chrome on windows (06ca563b12176576496473a495aea794)] -> name: password]
2023-12-19 17:12:159 INFO  LoginPage :65 - clicking on login button : [[ChromeDriver: chrome on windows (06ca563b12176576496473a495aea794)] -> xpath: //button[normalize-space()='Login']]
2023-12-19 17:12:730 INFO  HomePage :59 - Clicking on admin : [[ChromeDriver: chrome on windows (06ca563b12176576496473a495aea794)] -> xpath: //li[1]//a[1]//span[1]]
2023-12-19 17:12:69 INFO  ViewSystemUsersPage :83 - Get system user text from : [[ChromeDriver: chrome on windows (06ca563b12176576496473a495aea794)] -> xpath: //h5[normalize-space()='System Users']]
2023-12-19 17:12:220 INFO  ViewSystemUsersPage :89 - Enter User name : Nina.Patel in username field [[ChromeDriver: chrome on windows (06ca563b12176576496473a495aea794)] -> xpath: //div[@class='oxd-input-group oxd-input-field-bottom-space']//div//input[@class='oxd-input oxd-input--active']]
2023-12-19 17:12:293 INFO  ViewSystemUsersPage :94 - Enter user role : Admin [[ChromeDriver: chrome on windows (06ca563b12176576496473a495aea794)] -> xpath: (//div[contains(text(),'-- Select --')])[1]]
2023-12-19 17:12:394 INFO  ViewSystemUsersPage :99 - Enter employee name : Nina Patel in employee name field [[ChromeDriver: chrome on windows (06ca563b12176576496473a495aea794)] -> xpath: //input[@placeholder='Type for hints...']]
2023-12-19 17:12:481 INFO  ViewSystemUsersPage :104 - Enter status : Enabled in status box [[ChromeDriver: chrome on windows (06ca563b12176576496473a495aea794)] -> xpath: (//div[contains(text(),'-- Select --')])[2]]
2023-12-19 17:12:659 INFO  ViewSystemUsersPage :109 - Clicking on search button : [[ChromeDriver: chrome on windows (06ca563b12176576496473a495aea794)] -> xpath: //button[normalize-space()='Search']]
2023-12-19 17:12:712 INFO  ViewSystemUsersPage :136 - Get deleted successfully text : [[ChromeDriver: chrome on windows (06ca563b12176576496473a495aea794)] -> xpath: //span[@class='oxd-text oxd-text--span']]
2023-12-19 17:12:708 INFO  LoginPage :61 - Enter username : Admin in user name field [[ChromeDriver: chrome on windows (916487ca027ee757d807dfe721f8f863)] -> name: username]
2023-12-19 17:12:829 INFO  LoginPage :63 - Enter Password : admin123 in password field [[ChromeDriver: chrome on windows (916487ca027ee757d807dfe721f8f863)] -> name: password]
2023-12-19 17:12:892 INFO  LoginPage :65 - clicking on login button : [[ChromeDriver: chrome on windows (916487ca027ee757d807dfe721f8f863)] -> xpath: //button[normalize-space()='Login']]
2023-12-19 17:12:642 INFO  HomePage :59 - Clicking on admin : [[ChromeDriver: chrome on windows (916487ca027ee757d807dfe721f8f863)] -> xpath: //li[1]//a[1]//span[1]]
2023-12-19 17:12:02 INFO  ViewSystemUsersPage :83 - Get system user text from : [[ChromeDriver: chrome on windows (916487ca027ee757d807dfe721f8f863)] -> xpath: //h5[normalize-space()='System Users']]
2023-12-19 17:12:157 INFO  ViewSystemUsersPage :89 - Enter User name : Odis.Adalwin in username field [[ChromeDriver: chrome on windows (916487ca027ee757d807dfe721f8f863)] -> xpath: //div[@class='oxd-input-group oxd-input-field-bottom-space']//div//input[@class='oxd-input oxd-input--active']]
2023-12-19 17:12:229 INFO  ViewSystemUsersPage :94 - Enter user role : Admin [[ChromeDriver: chrome on windows (916487ca027ee757d807dfe721f8f863)] -> xpath: (//div[contains(text(),'-- Select --')])[1]]
2023-12-19 17:12:347 INFO  ViewSystemUsersPage :99 - Enter employee name : Odis Adalwin in employee name field [[ChromeDriver: chrome on windows (916487ca027ee757d807dfe721f8f863)] -> xpath: //input[@placeholder='Type for hints...']]
2023-12-19 17:12:418 INFO  ViewSystemUsersPage :104 - Enter status : Enabled in status box [[ChromeDriver: chrome on windows (916487ca027ee757d807dfe721f8f863)] -> xpath: (//div[contains(text(),'-- Select --')])[2]]
2023-12-19 17:12:597 INFO  ViewSystemUsersPage :109 - Clicking on search button : [[ChromeDriver: chrome on windows (916487ca027ee757d807dfe721f8f863)] -> xpath: //button[normalize-space()='Search']]
2023-12-19 17:12:658 INFO  ViewSystemUsersPage :136 - Get deleted successfully text : [[ChromeDriver: chrome on windows (916487ca027ee757d807dfe721f8f863)] -> xpath: //span[@class='oxd-text oxd-text--span']]
2023-12-19 17:12:604 INFO  LoginPage :61 - Enter username : Admin in user name field [[ChromeDriver: chrome on windows (8d4a24da810ce431ea3c1d64887f7a25)] -> name: username]
2023-12-19 17:12:737 INFO  LoginPage :63 - Enter Password : admin123 in password field [[ChromeDriver: chrome on windows (8d4a24da810ce431ea3c1d64887f7a25)] -> name: password]
2023-12-19 17:12:813 INFO  LoginPage :65 - clicking on login button : [[ChromeDriver: chrome on windows (8d4a24da810ce431ea3c1d64887f7a25)] -> xpath: //button[normalize-space()='Login']]
2023-12-19 17:12:677 INFO  LoginPage :61 - Enter username : Admin in user name field [[ChromeDriver: chrome on windows (408f53759bf1d6ed9774a21b3e022ba6)] -> name: username]
2023-12-19 17:12:803 INFO  LoginPage :63 - Enter Password : admin123 in password field [[ChromeDriver: chrome on windows (408f53759bf1d6ed9774a21b3e022ba6)] -> name: password]
2023-12-19 17:12:745 INFO  LoginPage :65 - clicking on login button : [[ChromeDriver: chrome on windows (408f53759bf1d6ed9774a21b3e022ba6)] -> xpath: //button[normalize-space()='Login']]
2023-12-19 17:12:355 INFO  LoginPage :61 - Enter username : Admin in user name field [[ChromeDriver: chrome on windows (77b3cb0721869ecb25fc2fbfe25e9b9a)] -> name: username]
2023-12-19 17:12:486 INFO  LoginPage :63 - Enter Password : admin123 in password field [[ChromeDriver: chrome on windows (77b3cb0721869ecb25fc2fbfe25e9b9a)] -> name: password]
2023-12-19 17:12:573 INFO  LoginPage :65 - clicking on login button : [[ChromeDriver: chrome on windows (77b3cb0721869ecb25fc2fbfe25e9b9a)] -> xpath: //button[normalize-space()='Login']]
2023-12-19 17:12:407 INFO  LoginPage :61 - Enter username : Admin in user name field [[ChromeDriver: chrome on windows (889ea848b401128211add05728d5830a)] -> name: username]
2023-12-19 17:12:542 INFO  LoginPage :63 - Enter Password : admin123 in password field [[ChromeDriver: chrome on windows (889ea848b401128211add05728d5830a)] -> name: password]
2023-12-19 17:12:618 INFO  LoginPage :65 - clicking on login button : [[ChromeDriver: chrome on windows (889ea848b401128211add05728d5830a)] -> xpath: //button[normalize-space()='Login']]
2023-12-19 17:12:828 INFO  HomePage :59 - Clicking on admin : [[ChromeDriver: chrome on windows (889ea848b401128211add05728d5830a)] -> xpath: //li[1]//a[1]//span[1]]
2023-12-19 17:12:97 INFO  ViewSystemUsersPage :83 - Get system user text from : [[ChromeDriver: chrome on windows (889ea848b401128211add05728d5830a)] -> xpath: //h5[normalize-space()='System Users']]
2023-12-19 17:12:422 INFO  ViewSystemUsersPage :125 - Clicking on add button : [[ChromeDriver: chrome on windows (889ea848b401128211add05728d5830a)] -> xpath: //button[normalize-space()='Add']]
2023-12-19 17:12:178 INFO  LoginPage :61 - Enter username : Admin in user name field [[ChromeDriver: chrome on windows (1d9c4c5fd0c791a0ad3701f96ced5ffa)] -> name: username]
2023-12-19 17:12:290 INFO  LoginPage :63 - Enter Password : admin123 in password field [[ChromeDriver: chrome on windows (1d9c4c5fd0c791a0ad3701f96ced5ffa)] -> name: password]
2023-12-19 17:12:376 INFO  LoginPage :65 - clicking on login button : [[ChromeDriver: chrome on windows (1d9c4c5fd0c791a0ad3701f96ced5ffa)] -> xpath: //button[normalize-space()='Login']]
2023-12-19 17:12:656 INFO  HomePage :59 - Clicking on admin : [[ChromeDriver: chrome on windows (1d9c4c5fd0c791a0ad3701f96ced5ffa)] -> xpath: //li[1]//a[1]//span[1]]
2023-12-19 17:12:969 INFO  ViewSystemUsersPage :83 - Get system user text from : [[ChromeDriver: chrome on windows (1d9c4c5fd0c791a0ad3701f96ced5ffa)] -> xpath: //h5[normalize-space()='System Users']]
2023-12-19 17:12:98 INFO  ViewSystemUsersPage :89 - Enter User name : Linda.Anderson in username field [[ChromeDriver: chrome on windows (1d9c4c5fd0c791a0ad3701f96ced5ffa)] -> xpath: //div[@class='oxd-input-group oxd-input-field-bottom-space']//div//input[@class='oxd-input oxd-input--active']]
2023-12-19 17:12:198 INFO  ViewSystemUsersPage :94 - Enter user role : Admin [[ChromeDriver: chrome on windows (1d9c4c5fd0c791a0ad3701f96ced5ffa)] -> xpath: (//div[contains(text(),'-- Select --')])[1]]
2023-12-19 17:12:264 INFO  ViewSystemUsersPage :104 - Enter status : Enabled in status box [[ChromeDriver: chrome on windows (1d9c4c5fd0c791a0ad3701f96ced5ffa)] -> xpath: (//div[contains(text(),'-- Select --')])[2]]
2023-12-19 17:12:449 INFO  ViewSystemUsersPage :109 - Clicking on search button : [[ChromeDriver: chrome on windows (1d9c4c5fd0c791a0ad3701f96ced5ffa)] -> xpath: //button[normalize-space()='Search']]
2023-12-19 17:12:439 INFO  LoginPage :61 - Enter username : Admin in user name field [[ChromeDriver: chrome on windows (d4e5b3e8a0857e3cd5305e8735f93401)] -> name: username]
2023-12-19 17:12:563 INFO  LoginPage :63 - Enter Password : admin123 in password field [[ChromeDriver: chrome on windows (d4e5b3e8a0857e3cd5305e8735f93401)] -> name: password]
2023-12-19 17:12:671 INFO  LoginPage :65 - clicking on login button : [[ChromeDriver: chrome on windows (d4e5b3e8a0857e3cd5305e8735f93401)] -> xpath: //button[normalize-space()='Login']]
2023-12-19 17:12:82 INFO  HomePage :59 - Clicking on admin : [[ChromeDriver: chrome on windows (d4e5b3e8a0857e3cd5305e8735f93401)] -> xpath: //li[1]//a[1]//span[1]]
2023-12-19 17:12:474 INFO  ViewSystemUsersPage :83 - Get system user text from : [[ChromeDriver: chrome on windows (d4e5b3e8a0857e3cd5305e8735f93401)] -> xpath: //h5[normalize-space()='System Users']]
2023-12-19 17:12:589 INFO  ViewSystemUsersPage :89 - Enter User name : Linda.Anderson in username field [[ChromeDriver: chrome on windows (d4e5b3e8a0857e3cd5305e8735f93401)] -> xpath: //div[@class='oxd-input-group oxd-input-field-bottom-space']//div//input[@class='oxd-input oxd-input--active']]
2023-12-19 17:12:683 INFO  ViewSystemUsersPage :94 - Enter user role : Admin [[ChromeDriver: chrome on windows (d4e5b3e8a0857e3cd5305e8735f93401)] -> xpath: (//div[contains(text(),'-- Select --')])[1]]
2023-12-19 17:12:747 INFO  ViewSystemUsersPage :104 - Enter status : Enabled in status box [[ChromeDriver: chrome on windows (d4e5b3e8a0857e3cd5305e8735f93401)] -> xpath: (//div[contains(text(),'-- Select --')])[2]]
2023-12-19 17:12:905 INFO  ViewSystemUsersPage :109 - Clicking on search button : [[ChromeDriver: chrome on windows (d4e5b3e8a0857e3cd5305e8735f93401)] -> xpath: //button[normalize-space()='Search']]
2023-12-19 17:12:508 INFO  LoginPage :61 - Enter username : Admin in user name field [[ChromeDriver: chrome on windows (ba8be0072270e8f0b6b53cbdc45e037a)] -> name: username]
2023-12-19 17:12:635 INFO  LoginPage :63 - Enter Password : admin123 in password field [[ChromeDriver: chrome on windows (ba8be0072270e8f0b6b53cbdc45e037a)] -> name: password]
2023-12-19 17:12:703 INFO  LoginPage :65 - clicking on login button : [[ChromeDriver: chrome on windows (ba8be0072270e8f0b6b53cbdc45e037a)] -> xpath: //button[normalize-space()='Login']]
2023-12-19 17:12:977 INFO  HomePage :59 - Clicking on admin : [[ChromeDriver: chrome on windows (ba8be0072270e8f0b6b53cbdc45e037a)] -> xpath: //li[1]//a[1]//span[1]]
2023-12-19 17:12:451 INFO  ViewSystemUsersPage :83 - Get system user text from : [[ChromeDriver: chrome on windows (ba8be0072270e8f0b6b53cbdc45e037a)] -> xpath: //h5[normalize-space()='System Users']]
2023-12-19 17:12:556 INFO  ViewSystemUsersPage :89 - Enter User name : Admin in username field [[ChromeDriver: chrome on windows (ba8be0072270e8f0b6b53cbdc45e037a)] -> xpath: //div[@class='oxd-input-group oxd-input-field-bottom-space']//div//input[@class='oxd-input oxd-input--active']]
2023-12-19 17:12:657 INFO  ViewSystemUsersPage :94 - Enter user role : Admin [[ChromeDriver: chrome on windows (ba8be0072270e8f0b6b53cbdc45e037a)] -> xpath: (//div[contains(text(),'-- Select --')])[1]]
2023-12-19 17:12:786 INFO  ViewSystemUsersPage :99 - Enter employee name : Paul Collings in employee name field [[ChromeDriver: chrome on windows (ba8be0072270e8f0b6b53cbdc45e037a)] -> xpath: //input[@placeholder='Type for hints...']]
2023-12-19 17:12:872 INFO  ViewSystemUsersPage :104 - Enter status : Enabled in status box [[ChromeDriver: chrome on windows (ba8be0072270e8f0b6b53cbdc45e037a)] -> xpath: (//div[contains(text(),'-- Select --')])[2]]
2023-12-19 17:12:31 INFO  ViewSystemUsersPage :109 - Clicking on search button : [[ChromeDriver: chrome on windows (ba8be0072270e8f0b6b53cbdc45e037a)] -> xpath: //button[normalize-space()='Search']]
2023-12-19 17:12:72 INFO  ViewSystemUsersPage :136 - Get deleted successfully text : [[ChromeDriver: chrome on windows (ba8be0072270e8f0b6b53cbdc45e037a)] -> xpath: //span[@class='oxd-text oxd-text--span']]
2023-12-19 17:12:964 INFO  LoginPage :61 - Enter username : Admin in user name field [[ChromeDriver: chrome on windows (e9d54d434ea43967c37596060d724959)] -> name: username]
2023-12-19 17:12:85 INFO  LoginPage :63 - Enter Password : admin123 in password field [[ChromeDriver: chrome on windows (e9d54d434ea43967c37596060d724959)] -> name: password]
2023-12-19 17:12:161 INFO  LoginPage :65 - clicking on login button : [[ChromeDriver: chrome on windows (e9d54d434ea43967c37596060d724959)] -> xpath: //button[normalize-space()='Login']]
2023-12-19 17:12:501 INFO  HomePage :59 - Clicking on admin : [[ChromeDriver: chrome on windows (e9d54d434ea43967c37596060d724959)] -> xpath: //li[1]//a[1]//span[1]]
2023-12-19 17:12:810 INFO  ViewSystemUsersPage :83 - Get system user text from : [[ChromeDriver: chrome on windows (e9d54d434ea43967c37596060d724959)] -> xpath: //h5[normalize-space()='System Users']]
2023-12-19 17:12:928 INFO  ViewSystemUsersPage :89 - Enter User name : Cassidy.Hope in username field [[ChromeDriver: chrome on windows (e9d54d434ea43967c37596060d724959)] -> xpath: //div[@class='oxd-input-group oxd-input-field-bottom-space']//div//input[@class='oxd-input oxd-input--active']]
2023-12-19 17:12:31 INFO  ViewSystemUsersPage :94 - Enter user role : Admin [[ChromeDriver: chrome on windows (e9d54d434ea43967c37596060d724959)] -> xpath: (//div[contains(text(),'-- Select --')])[1]]
2023-12-19 17:12:135 INFO  ViewSystemUsersPage :99 - Enter employee name : Cassidy Hope in employee name field [[ChromeDriver: chrome on windows (e9d54d434ea43967c37596060d724959)] -> xpath: //input[@placeholder='Type for hints...']]
2023-12-19 17:12:206 INFO  ViewSystemUsersPage :104 - Enter status : Enabled in status box [[ChromeDriver: chrome on windows (e9d54d434ea43967c37596060d724959)] -> xpath: (//div[contains(text(),'-- Select --')])[2]]
2023-12-19 17:12:432 INFO  ViewSystemUsersPage :109 - Clicking on search button : [[ChromeDriver: chrome on windows (e9d54d434ea43967c37596060d724959)] -> xpath: //button[normalize-space()='Search']]
2023-12-19 17:12:479 INFO  ViewSystemUsersPage :136 - Get deleted successfully text : [[ChromeDriver: chrome on windows (e9d54d434ea43967c37596060d724959)] -> xpath: //span[@class='oxd-text oxd-text--span']]
2023-12-19 17:12:312 INFO  LoginPage :61 - Enter username : Admin in user name field [[ChromeDriver: chrome on windows (34d21ee049d86d3ba7e2b8b05c65a139)] -> name: username]
2023-12-19 17:12:440 INFO  LoginPage :63 - Enter Password : admin123 in password field [[ChromeDriver: chrome on windows (34d21ee049d86d3ba7e2b8b05c65a139)] -> name: password]
2023-12-19 17:12:514 INFO  LoginPage :65 - clicking on login button : [[ChromeDriver: chrome on windows (34d21ee049d86d3ba7e2b8b05c65a139)] -> xpath: //button[normalize-space()='Login']]
2023-12-19 17:12:124 INFO  HomePage :59 - Clicking on admin : [[ChromeDriver: chrome on windows (34d21ee049d86d3ba7e2b8b05c65a139)] -> xpath: //li[1]//a[1]//span[1]]
2023-12-19 17:12:471 INFO  ViewSystemUsersPage :83 - Get system user text from : [[ChromeDriver: chrome on windows (34d21ee049d86d3ba7e2b8b05c65a139)] -> xpath: //h5[normalize-space()='System Users']]
2023-12-19 17:12:586 INFO  ViewSystemUsersPage :89 - Enter User name : Nina.Patel in username field [[ChromeDriver: chrome on windows (34d21ee049d86d3ba7e2b8b05c65a139)] -> xpath: //div[@class='oxd-input-group oxd-input-field-bottom-space']//div//input[@class='oxd-input oxd-input--active']]
2023-12-19 17:12:702 INFO  ViewSystemUsersPage :94 - Enter user role : Admin [[ChromeDriver: chrome on windows (34d21ee049d86d3ba7e2b8b05c65a139)] -> xpath: (//div[contains(text(),'-- Select --')])[1]]
2023-12-19 17:12:814 INFO  ViewSystemUsersPage :99 - Enter employee name : Nina Patel in employee name field [[ChromeDriver: chrome on windows (34d21ee049d86d3ba7e2b8b05c65a139)] -> xpath: //input[@placeholder='Type for hints...']]
2023-12-19 17:12:911 INFO  ViewSystemUsersPage :104 - Enter status : Enabled in status box [[ChromeDriver: chrome on windows (34d21ee049d86d3ba7e2b8b05c65a139)] -> xpath: (//div[contains(text(),'-- Select --')])[2]]
2023-12-19 17:12:84 INFO  ViewSystemUsersPage :109 - Clicking on search button : [[ChromeDriver: chrome on windows (34d21ee049d86d3ba7e2b8b05c65a139)] -> xpath: //button[normalize-space()='Search']]
2023-12-19 17:12:122 INFO  ViewSystemUsersPage :136 - Get deleted successfully text : [[ChromeDriver: chrome on windows (34d21ee049d86d3ba7e2b8b05c65a139)] -> xpath: //span[@class='oxd-text oxd-text--span']]
2023-12-19 17:12:968 INFO  LoginPage :61 - Enter username : Admin in user name field [[ChromeDriver: chrome on windows (313940cc7e0aec542216ea4549cd8e29)] -> name: username]
2023-12-19 17:12:86 INFO  LoginPage :63 - Enter Password : admin123 in password field [[ChromeDriver: chrome on windows (313940cc7e0aec542216ea4549cd8e29)] -> name: password]
2023-12-19 17:12:157 INFO  LoginPage :65 - clicking on login button : [[ChromeDriver: chrome on windows (313940cc7e0aec542216ea4549cd8e29)] -> xpath: //button[normalize-space()='Login']]
2023-12-19 17:12:455 INFO  HomePage :59 - Clicking on admin : [[ChromeDriver: chrome on windows (313940cc7e0aec542216ea4549cd8e29)] -> xpath: //li[1]//a[1]//span[1]]
2023-12-19 17:12:829 INFO  ViewSystemUsersPage :83 - Get system user text from : [[ChromeDriver: chrome on windows (313940cc7e0aec542216ea4549cd8e29)] -> xpath: //h5[normalize-space()='System Users']]
2023-12-19 17:12:967 INFO  ViewSystemUsersPage :89 - Enter User name : Odis.Adalwin in username field [[ChromeDriver: chrome on windows (313940cc7e0aec542216ea4549cd8e29)] -> xpath: //div[@class='oxd-input-group oxd-input-field-bottom-space']//div//input[@class='oxd-input oxd-input--active']]
2023-12-19 17:12:86 INFO  ViewSystemUsersPage :94 - Enter user role : Admin [[ChromeDriver: chrome on windows (313940cc7e0aec542216ea4549cd8e29)] -> xpath: (//div[contains(text(),'-- Select --')])[1]]
2023-12-19 17:12:199 INFO  ViewSystemUsersPage :99 - Enter employee name : Odis Adalwin in employee name field [[ChromeDriver: chrome on windows (313940cc7e0aec542216ea4549cd8e29)] -> xpath: //input[@placeholder='Type for hints...']]
2023-12-19 17:12:271 INFO  ViewSystemUsersPage :104 - Enter status : Enabled in status box [[ChromeDriver: chrome on windows (313940cc7e0aec542216ea4549cd8e29)] -> xpath: (//div[contains(text(),'-- Select --')])[2]]
2023-12-19 17:12:455 INFO  ViewSystemUsersPage :109 - Clicking on search button : [[ChromeDriver: chrome on windows (313940cc7e0aec542216ea4549cd8e29)] -> xpath: //button[normalize-space()='Search']]
2023-12-19 17:12:504 INFO  ViewSystemUsersPage :136 - Get deleted successfully text : [[ChromeDriver: chrome on windows (313940cc7e0aec542216ea4549cd8e29)] -> xpath: //span[@class='oxd-text oxd-text--span']]
2023-12-19 17:12:20 INFO  LoginPage :61 - Enter username : Admin in user name field [[ChromeDriver: chrome on windows (e5f5c5d686a1f7e1544e57032a1e75d1)] -> name: username]
2023-12-19 17:12:150 INFO  LoginPage :63 - Enter Password : admin123 in password field [[ChromeDriver: chrome on windows (e5f5c5d686a1f7e1544e57032a1e75d1)] -> name: password]
2023-12-19 17:12:177 INFO  LoginPage :65 - clicking on login button : [[ChromeDriver: chrome on windows (e5f5c5d686a1f7e1544e57032a1e75d1)] -> xpath: //button[normalize-space()='Login']]
2023-12-19 17:12:191 INFO  LoginPage :61 - Enter username : Admin in user name field [[ChromeDriver: chrome on windows (3928bb8e02f6c18697e26bece3633a4b)] -> name: username]
2023-12-19 17:12:306 INFO  LoginPage :63 - Enter Password : admin123 in password field [[ChromeDriver: chrome on windows (3928bb8e02f6c18697e26bece3633a4b)] -> name: password]
2023-12-19 17:12:390 INFO  LoginPage :65 - clicking on login button : [[ChromeDriver: chrome on windows (3928bb8e02f6c18697e26bece3633a4b)] -> xpath: //button[normalize-space()='Login']]
2023-12-19 17:12:510 INFO  LoginPage :61 - Enter username : Admin in user name field [[ChromeDriver: chrome on windows (b2c8b78dc697badd733146dbb31555cb)] -> name: username]
2023-12-19 17:12:662 INFO  LoginPage :63 - Enter Password : admin123 in password field [[ChromeDriver: chrome on windows (b2c8b78dc697badd733146dbb31555cb)] -> name: password]
2023-12-19 17:12:739 INFO  LoginPage :65 - clicking on login button : [[ChromeDriver: chrome on windows (b2c8b78dc697badd733146dbb31555cb)] -> xpath: //button[normalize-space()='Login']]
2023-12-19 17:12:69 INFO  HomePage :59 - Clicking on admin : [[ChromeDriver: chrome on windows (b2c8b78dc697badd733146dbb31555cb)] -> xpath: //li[1]//a[1]//span[1]]
2023-12-19 17:12:409 INFO  ViewSystemUsersPage :83 - Get system user text from : [[ChromeDriver: chrome on windows (b2c8b78dc697badd733146dbb31555cb)] -> xpath: //h5[normalize-space()='System Users']]
2023-12-19 17:12:802 INFO  ViewSystemUsersPage :125 - Clicking on add button : [[ChromeDriver: chrome on windows (b2c8b78dc697badd733146dbb31555cb)] -> xpath: //button[normalize-space()='Add']]
2023-12-19 17:12:738 INFO  LoginPage :61 - Enter username : Admin in user name field [[ChromeDriver: chrome on windows (5462166f89925697fd0b2d0853e0100f)] -> name: username]
2023-12-19 17:12:870 INFO  LoginPage :63 - Enter Password : admin123 in password field [[ChromeDriver: chrome on windows (5462166f89925697fd0b2d0853e0100f)] -> name: password]
2023-12-19 17:12:939 INFO  LoginPage :65 - clicking on login button : [[ChromeDriver: chrome on windows (5462166f89925697fd0b2d0853e0100f)] -> xpath: //button[normalize-space()='Login']]
2023-12-19 17:12:334 INFO  HomePage :59 - Clicking on admin : [[ChromeDriver: chrome on windows (5462166f89925697fd0b2d0853e0100f)] -> xpath: //li[1]//a[1]//span[1]]
2023-12-19 17:12:701 INFO  ViewSystemUsersPage :83 - Get system user text from : [[ChromeDriver: chrome on windows (5462166f89925697fd0b2d0853e0100f)] -> xpath: //h5[normalize-space()='System Users']]
2023-12-19 17:12:863 INFO  ViewSystemUsersPage :89 - Enter User name : Linda.Anderson in username field [[ChromeDriver: chrome on windows (5462166f89925697fd0b2d0853e0100f)] -> xpath: //div[@class='oxd-input-group oxd-input-field-bottom-space']//div//input[@class='oxd-input oxd-input--active']]
2023-12-19 17:12:931 INFO  ViewSystemUsersPage :94 - Enter user role : Admin [[ChromeDriver: chrome on windows (5462166f89925697fd0b2d0853e0100f)] -> xpath: (//div[contains(text(),'-- Select --')])[1]]
2023-12-19 17:12:04 INFO  ViewSystemUsersPage :104 - Enter status : Enabled in status box [[ChromeDriver: chrome on windows (5462166f89925697fd0b2d0853e0100f)] -> xpath: (//div[contains(text(),'-- Select --')])[2]]
2023-12-19 17:12:179 INFO  ViewSystemUsersPage :109 - Clicking on search button : [[ChromeDriver: chrome on windows (5462166f89925697fd0b2d0853e0100f)] -> xpath: //button[normalize-space()='Search']]
2023-12-19 17:12:409 INFO  LoginPage :61 - Enter username : Admin in user name field [[ChromeDriver: chrome on windows (2bcc6985d8cfd563d22ee0b9058831e6)] -> name: username]
2023-12-19 17:12:550 INFO  LoginPage :63 - Enter Password : admin123 in password field [[ChromeDriver: chrome on windows (2bcc6985d8cfd563d22ee0b9058831e6)] -> name: password]
2023-12-19 17:12:682 INFO  LoginPage :65 - clicking on login button : [[ChromeDriver: chrome on windows (2bcc6985d8cfd563d22ee0b9058831e6)] -> xpath: //button[normalize-space()='Login']]
2023-12-19 17:12:259 INFO  LoginPage :61 - Enter username : Admin in user name field [[ChromeDriver: chrome on windows (e5332b062c5bab35f80ca2b202253538)] -> name: username]
2023-12-19 17:12:399 INFO  LoginPage :63 - Enter Password : admin123 in password field [[ChromeDriver: chrome on windows (e5332b062c5bab35f80ca2b202253538)] -> name: password]
2023-12-19 17:12:480 INFO  LoginPage :65 - clicking on login button : [[ChromeDriver: chrome on windows (e5332b062c5bab35f80ca2b202253538)] -> xpath: //button[normalize-space()='Login']]
2023-12-19 17:12:732 INFO  HomePage :59 - Clicking on admin : [[ChromeDriver: chrome on windows (e5332b062c5bab35f80ca2b202253538)] -> xpath: //li[1]//a[1]//span[1]]
2023-12-19 17:12:53 INFO  ViewSystemUsersPage :83 - Get system user text from : [[ChromeDriver: chrome on windows (e5332b062c5bab35f80ca2b202253538)] -> xpath: //h5[normalize-space()='System Users']]
2023-12-19 17:12:474 INFO  ViewSystemUsersPage :125 - Clicking on add button : [[ChromeDriver: chrome on windows (e5332b062c5bab35f80ca2b202253538)] -> xpath: //button[normalize-space()='Add']]
2023-12-19 20:12:137 INFO  LoginPage :61 - Enter username : Admin in user name field [[ChromeDriver: chrome on windows (47eeedc24b12e2e75412c4a260b2b741)] -> name: username]
2023-12-19 20:12:303 INFO  LoginPage :63 - Enter Password : admin123 in password field [[ChromeDriver: chrome on windows (47eeedc24b12e2e75412c4a260b2b741)] -> name: password]
2023-12-19 20:12:403 INFO  LoginPage :65 - clicking on login button : [[ChromeDriver: chrome on windows (47eeedc24b12e2e75412c4a260b2b741)] -> xpath: //button[normalize-space()='Login']]
2023-12-19 20:12:287 INFO  LoginPage :61 - Enter username : Admin in user name field [[ChromeDriver: chrome on windows (6c580be8efd9d1a892a249f9919cc137)] -> name: username]
2023-12-19 20:12:443 INFO  LoginPage :63 - Enter Password : admin123 in password field [[ChromeDriver: chrome on windows (6c580be8efd9d1a892a249f9919cc137)] -> name: password]
2023-12-19 20:12:651 INFO  LoginPage :65 - clicking on login button : [[ChromeDriver: chrome on windows (6c580be8efd9d1a892a249f9919cc137)] -> xpath: //button[normalize-space()='Login']]
2023-12-19 20:12:794 INFO  LoginPage :61 - Enter username : Admin in user name field [[ChromeDriver: chrome on windows (5a05c0d88636fb7e5faa9b3c4224da7c)] -> name: username]
2023-12-19 20:12:970 INFO  LoginPage :63 - Enter Password : admin123 in password field [[ChromeDriver: chrome on windows (5a05c0d88636fb7e5faa9b3c4224da7c)] -> name: password]
2023-12-19 20:12:938 INFO  LoginPage :65 - clicking on login button : [[ChromeDriver: chrome on windows (5a05c0d88636fb7e5faa9b3c4224da7c)] -> xpath: //button[normalize-space()='Login']]
2023-12-19 20:12:417 INFO  LoginPage :61 - Enter username : Admin in user name field [[ChromeDriver: chrome on windows (11ee57ba03eb949a4217ad5adc411ad8)] -> name: username]
2023-12-19 20:12:561 INFO  LoginPage :63 - Enter Password : admin123 in password field [[ChromeDriver: chrome on windows (11ee57ba03eb949a4217ad5adc411ad8)] -> name: password]
2023-12-19 20:12:659 INFO  LoginPage :65 - clicking on login button : [[ChromeDriver: chrome on windows (11ee57ba03eb949a4217ad5adc411ad8)] -> xpath: //button[normalize-space()='Login']]
2023-12-19 20:12:44 INFO  HomePage :59 - Clicking on admin : [[ChromeDriver: chrome on windows (11ee57ba03eb949a4217ad5adc411ad8)] -> xpath: //li[1]//a[1]//span[1]]
2023-12-19 20:12:321 INFO  ViewSystemUsersPage :83 - Get system user text from : [[ChromeDriver: chrome on windows (11ee57ba03eb949a4217ad5adc411ad8)] -> xpath: //h5[normalize-space()='System Users']]
2023-12-19 20:12:687 INFO  ViewSystemUsersPage :125 - Clicking on add button : [[ChromeDriver: chrome on windows (11ee57ba03eb949a4217ad5adc411ad8)] -> xpath: //button[normalize-space()='Add']]
2023-12-19 20:12:945 INFO  AddUserPage :109 - Get add user text : [[ChromeDriver: chrome on windows (11ee57ba03eb949a4217ad5adc411ad8)] -> xpath: //h6[normalize-space()='Add User']]
2023-12-19 20:12:37 INFO  AddUserPage :63 - Select user role from: [[ChromeDriver: chrome on windows (11ee57ba03eb949a4217ad5adc411ad8)] -> css selector:  body > div:nth-child(3) > div:nth-child(1) > div:nth-child(2) > div:nth-child(2) > div:nth-child(1) > div:nth-child(1) > form:nth-child(3) > div:nth-child(1) > div:nth-child(1) > div:nth-child(1) > div:nth-child(1) > div:nth-child(2) > div:nth-child(1) > div:nth-child(1) > div:nth-child(1)]
2023-12-19 20:12:224 INFO  AddUserPage :73 - Enter employee name : Tanya Dash in employee field [[ChromeDriver: chrome on windows (11ee57ba03eb949a4217ad5adc411ad8)] -> xpath: //input[@placeholder='Type for hints...']]
2023-12-19 20:12:392 INFO  AddUserPage :68 - Enter user name : Tanya12 in username field [[ChromeDriver: chrome on windows (11ee57ba03eb949a4217ad5adc411ad8)] -> xpath: (//input[@class='oxd-input oxd-input--active'])[2]]
2023-12-19 20:12:786 INFO  LoginPage :61 - Enter username : Admin in user name field [[ChromeDriver: chrome on windows (44ba3b5a1be9544ee1f8ef5bc3cd5621)] -> name: username]
2023-12-19 20:12:943 INFO  LoginPage :63 - Enter Password : admin123 in password field [[ChromeDriver: chrome on windows (44ba3b5a1be9544ee1f8ef5bc3cd5621)] -> name: password]
2023-12-19 20:12:26 INFO  LoginPage :65 - clicking on login button : [[ChromeDriver: chrome on windows (44ba3b5a1be9544ee1f8ef5bc3cd5621)] -> xpath: //button[normalize-space()='Login']]
2023-12-19 20:12:378 INFO  HomePage :59 - Clicking on admin : [[ChromeDriver: chrome on windows (44ba3b5a1be9544ee1f8ef5bc3cd5621)] -> xpath: //li[1]//a[1]//span[1]]
2023-12-19 20:12:698 INFO  ViewSystemUsersPage :83 - Get system user text from : [[ChromeDriver: chrome on windows (44ba3b5a1be9544ee1f8ef5bc3cd5621)] -> xpath: //h5[normalize-space()='System Users']]
2023-12-19 20:12:976 INFO  ViewSystemUsersPage :89 - Enter User name : Linda.Anderson in username field [[ChromeDriver: chrome on windows (44ba3b5a1be9544ee1f8ef5bc3cd5621)] -> xpath: //div[@class='oxd-input-group oxd-input-field-bottom-space']//div//input[@class='oxd-input oxd-input--active']]
2023-12-19 20:12:76 INFO  ViewSystemUsersPage :94 - Enter user role : Admin [[ChromeDriver: chrome on windows (44ba3b5a1be9544ee1f8ef5bc3cd5621)] -> xpath: (//div[contains(text(),'-- Select --')])[1]]
2023-12-19 20:12:169 INFO  ViewSystemUsersPage :104 - Enter status : Enabled in status box [[ChromeDriver: chrome on windows (44ba3b5a1be9544ee1f8ef5bc3cd5621)] -> xpath: (//div[contains(text(),'-- Select --')])[2]]
2023-12-19 20:12:363 INFO  ViewSystemUsersPage :109 - Clicking on search button : [[ChromeDriver: chrome on windows (44ba3b5a1be9544ee1f8ef5bc3cd5621)] -> xpath: //button[normalize-space()='Search']]
2023-12-19 20:12:410 INFO  ViewSystemUsersPage :142 - Get text : Linda.Anderson[[ChromeDriver: chrome on windows (44ba3b5a1be9544ee1f8ef5bc3cd5621)] -> xpath: //div[contains(text(),'Linda.Anderson')]]
2023-12-19 20:12:299 INFO  LoginPage :61 - Enter username : Admin in user name field [[ChromeDriver: chrome on windows (ab44659e8895ef50905b2472449eb85c)] -> name: username]
2023-12-19 20:12:443 INFO  LoginPage :63 - Enter Password : admin123 in password field [[ChromeDriver: chrome on windows (ab44659e8895ef50905b2472449eb85c)] -> name: password]
2023-12-19 20:12:542 INFO  LoginPage :65 - clicking on login button : [[ChromeDriver: chrome on windows (ab44659e8895ef50905b2472449eb85c)] -> xpath: //button[normalize-space()='Login']]
2023-12-19 20:12:727 INFO  HomePage :59 - Clicking on admin : [[ChromeDriver: chrome on windows (ab44659e8895ef50905b2472449eb85c)] -> xpath: //li[1]//a[1]//span[1]]
2023-12-19 20:12:53 INFO  ViewSystemUsersPage :83 - Get system user text from : [[ChromeDriver: chrome on windows (ab44659e8895ef50905b2472449eb85c)] -> xpath: //h5[normalize-space()='System Users']]
2023-12-19 20:12:206 INFO  ViewSystemUsersPage :89 - Enter User name : Linda.Anderson in username field [[ChromeDriver: chrome on windows (ab44659e8895ef50905b2472449eb85c)] -> xpath: //div[@class='oxd-input-group oxd-input-field-bottom-space']//div//input[@class='oxd-input oxd-input--active']]
2023-12-19 20:12:404 INFO  ViewSystemUsersPage :94 - Enter user role : Admin [[ChromeDriver: chrome on windows (ab44659e8895ef50905b2472449eb85c)] -> xpath: (//div[contains(text(),'-- Select --')])[1]]
2023-12-19 20:12:491 INFO  ViewSystemUsersPage :104 - Enter status : Enabled in status box [[ChromeDriver: chrome on windows (ab44659e8895ef50905b2472449eb85c)] -> xpath: (//div[contains(text(),'-- Select --')])[2]]
2023-12-19 20:12:660 INFO  ViewSystemUsersPage :109 - Clicking on search button : [[ChromeDriver: chrome on windows (ab44659e8895ef50905b2472449eb85c)] -> xpath: //button[normalize-space()='Search']]
2023-12-19 20:12:694 INFO  ViewSystemUsersPage :142 - Get text : Linda.Anderson[[ChromeDriver: chrome on windows (ab44659e8895ef50905b2472449eb85c)] -> xpath: //div[contains(text(),'Linda.Anderson')]]
2023-12-19 20:12:805 INFO  ViewSystemUsersPage :153 - Clicking on check box : [[ChromeDriver: chrome on windows (ab44659e8895ef50905b2472449eb85c)] -> xpath: //div[@class='oxd-table-card-cell-checkbox']//i[@class='oxd-icon bi-check oxd-checkbox-input-icon']]
2023-12-19 20:12:901 INFO  ViewSystemUsersPage :158 - Clicking on delete button : [[ChromeDriver: chrome on windows (ab44659e8895ef50905b2472449eb85c)] -> xpath: (//i[@class='oxd-icon bi-trash'])[1]]
2023-12-19 20:12:967 INFO  ViewSystemUsersPage :163 - Get popup window : [[ChromeDriver: chrome on windows (ab44659e8895ef50905b2472449eb85c)] -> xpath: (//div[@role='document'])[1]]
2023-12-19 20:12:70 INFO  ViewSystemUsersPage :168 - Click on yes : [[ChromeDriver: chrome on windows (ab44659e8895ef50905b2472449eb85c)] -> xpath: //button[normalize-space()='Yes, Delete']]
2023-12-19 20:12:71 INFO  LoginPage :61 - Enter username : Admin in user name field [[ChromeDriver: chrome on windows (d65f0efd1733a52ce7ff778abe3c5a3b)] -> name: username]
2023-12-19 20:12:210 INFO  LoginPage :63 - Enter Password : admin123 in password field [[ChromeDriver: chrome on windows (d65f0efd1733a52ce7ff778abe3c5a3b)] -> name: password]
2023-12-19 20:12:301 INFO  LoginPage :65 - clicking on login button : [[ChromeDriver: chrome on windows (d65f0efd1733a52ce7ff778abe3c5a3b)] -> xpath: //button[normalize-space()='Login']]
2023-12-19 20:12:879 INFO  HomePage :59 - Clicking on admin : [[ChromeDriver: chrome on windows (d65f0efd1733a52ce7ff778abe3c5a3b)] -> xpath: //li[1]//a[1]//span[1]]
2023-12-19 20:12:213 INFO  ViewSystemUsersPage :83 - Get system user text from : [[ChromeDriver: chrome on windows (d65f0efd1733a52ce7ff778abe3c5a3b)] -> xpath: //h5[normalize-space()='System Users']]
2023-12-19 20:12:331 INFO  ViewSystemUsersPage :89 - Enter User name : Admin in username field [[ChromeDriver: chrome on windows (d65f0efd1733a52ce7ff778abe3c5a3b)] -> xpath: //div[@class='oxd-input-group oxd-input-field-bottom-space']//div//input[@class='oxd-input oxd-input--active']]
2023-12-19 20:12:572 INFO  ViewSystemUsersPage :94 - Enter user role : Admin [[ChromeDriver: chrome on windows (d65f0efd1733a52ce7ff778abe3c5a3b)] -> xpath: (//div[contains(text(),'-- Select --')])[1]]
2023-12-19 20:12:737 INFO  ViewSystemUsersPage :99 - Enter employee name : Paul Collings in employee name field [[ChromeDriver: chrome on windows (d65f0efd1733a52ce7ff778abe3c5a3b)] -> xpath: //input[@placeholder='Type for hints...']]
2023-12-19 20:12:833 INFO  ViewSystemUsersPage :104 - Enter status : Enabled in status box [[ChromeDriver: chrome on windows (d65f0efd1733a52ce7ff778abe3c5a3b)] -> xpath: (//div[contains(text(),'-- Select --')])[2]]
2023-12-19 20:12:19 INFO  ViewSystemUsersPage :109 - Clicking on search button : [[ChromeDriver: chrome on windows (d65f0efd1733a52ce7ff778abe3c5a3b)] -> xpath: //button[normalize-space()='Search']]
2023-12-19 20:12:105 INFO  ViewSystemUsersPage :136 - Get deleted successfully text : [[ChromeDriver: chrome on windows (d65f0efd1733a52ce7ff778abe3c5a3b)] -> xpath: //span[@class='oxd-text oxd-text--span']]
2023-12-19 20:12:223 INFO  LoginPage :61 - Enter username : Admin in user name field [[ChromeDriver: chrome on windows (bb42b65b4cdb5dedaf532ddab38a4cf1)] -> name: username]
2023-12-19 20:12:383 INFO  LoginPage :63 - Enter Password : admin123 in password field [[ChromeDriver: chrome on windows (bb42b65b4cdb5dedaf532ddab38a4cf1)] -> name: password]
2023-12-19 20:12:476 INFO  LoginPage :65 - clicking on login button : [[ChromeDriver: chrome on windows (bb42b65b4cdb5dedaf532ddab38a4cf1)] -> xpath: //button[normalize-space()='Login']]
2023-12-19 20:12:801 INFO  HomePage :59 - Clicking on admin : [[ChromeDriver: chrome on windows (bb42b65b4cdb5dedaf532ddab38a4cf1)] -> xpath: //li[1]//a[1]//span[1]]
2023-12-19 20:12:117 INFO  ViewSystemUsersPage :83 - Get system user text from : [[ChromeDriver: chrome on windows (bb42b65b4cdb5dedaf532ddab38a4cf1)] -> xpath: //h5[normalize-space()='System Users']]
2023-12-19 20:12:266 INFO  ViewSystemUsersPage :89 - Enter User name : Cassidy.Hope in username field [[ChromeDriver: chrome on windows (bb42b65b4cdb5dedaf532ddab38a4cf1)] -> xpath: //div[@class='oxd-input-group oxd-input-field-bottom-space']//div//input[@class='oxd-input oxd-input--active']]
2023-12-19 20:12:492 INFO  ViewSystemUsersPage :94 - Enter user role : Admin [[ChromeDriver: chrome on windows (bb42b65b4cdb5dedaf532ddab38a4cf1)] -> xpath: (//div[contains(text(),'-- Select --')])[1]]
2023-12-19 20:12:638 INFO  ViewSystemUsersPage :99 - Enter employee name : Cassidy Hope in employee name field [[ChromeDriver: chrome on windows (bb42b65b4cdb5dedaf532ddab38a4cf1)] -> xpath: //input[@placeholder='Type for hints...']]
2023-12-19 20:12:749 INFO  ViewSystemUsersPage :104 - Enter status : Enabled in status box [[ChromeDriver: chrome on windows (bb42b65b4cdb5dedaf532ddab38a4cf1)] -> xpath: (//div[contains(text(),'-- Select --')])[2]]
2023-12-19 20:12:949 INFO  ViewSystemUsersPage :109 - Clicking on search button : [[ChromeDriver: chrome on windows (bb42b65b4cdb5dedaf532ddab38a4cf1)] -> xpath: //button[normalize-space()='Search']]
2023-12-19 20:12:09 INFO  ViewSystemUsersPage :136 - Get deleted successfully text : [[ChromeDriver: chrome on windows (bb42b65b4cdb5dedaf532ddab38a4cf1)] -> xpath: //span[@class='oxd-text oxd-text--span']]
2023-12-19 20:12:99 INFO  LoginPage :61 - Enter username : Admin in user name field [[ChromeDriver: chrome on windows (12db5d7c2bb9d01a5c9c687031b863f6)] -> name: username]
2023-12-19 20:12:258 INFO  LoginPage :63 - Enter Password : admin123 in password field [[ChromeDriver: chrome on windows (12db5d7c2bb9d01a5c9c687031b863f6)] -> name: password]
2023-12-19 20:12:342 INFO  LoginPage :65 - clicking on login button : [[ChromeDriver: chrome on windows (12db5d7c2bb9d01a5c9c687031b863f6)] -> xpath: //button[normalize-space()='Login']]
2023-12-19 20:12:594 INFO  HomePage :59 - Clicking on admin : [[ChromeDriver: chrome on windows (12db5d7c2bb9d01a5c9c687031b863f6)] -> xpath: //li[1]//a[1]//span[1]]
2023-12-19 20:12:921 INFO  ViewSystemUsersPage :83 - Get system user text from : [[ChromeDriver: chrome on windows (12db5d7c2bb9d01a5c9c687031b863f6)] -> xpath: //h5[normalize-space()='System Users']]
2023-12-19 20:12:166 INFO  ViewSystemUsersPage :89 - Enter User name : Nina.Patel in username field [[ChromeDriver: chrome on windows (12db5d7c2bb9d01a5c9c687031b863f6)] -> xpath: //div[@class='oxd-input-group oxd-input-field-bottom-space']//div//input[@class='oxd-input oxd-input--active']]
2023-12-19 20:12:249 INFO  ViewSystemUsersPage :94 - Enter user role : Admin [[ChromeDriver: chrome on windows (12db5d7c2bb9d01a5c9c687031b863f6)] -> xpath: (//div[contains(text(),'-- Select --')])[1]]
2023-12-19 20:12:395 INFO  ViewSystemUsersPage :99 - Enter employee name : Nina Patel in employee name field [[ChromeDriver: chrome on windows (12db5d7c2bb9d01a5c9c687031b863f6)] -> xpath: //input[@placeholder='Type for hints...']]
2023-12-19 20:12:489 INFO  ViewSystemUsersPage :104 - Enter status : Enabled in status box [[ChromeDriver: chrome on windows (12db5d7c2bb9d01a5c9c687031b863f6)] -> xpath: (//div[contains(text(),'-- Select --')])[2]]
2023-12-19 20:12:657 INFO  ViewSystemUsersPage :109 - Clicking on search button : [[ChromeDriver: chrome on windows (12db5d7c2bb9d01a5c9c687031b863f6)] -> xpath: //button[normalize-space()='Search']]
2023-12-19 20:12:698 INFO  ViewSystemUsersPage :136 - Get deleted successfully text : [[ChromeDriver: chrome on windows (12db5d7c2bb9d01a5c9c687031b863f6)] -> xpath: //span[@class='oxd-text oxd-text--span']]
2023-12-19 20:12:688 INFO  LoginPage :61 - Enter username : Admin in user name field [[ChromeDriver: chrome on windows (0571ca511514ca420cea17f47247e794)] -> name: username]
2023-12-19 20:12:833 INFO  LoginPage :63 - Enter Password : admin123 in password field [[ChromeDriver: chrome on windows (0571ca511514ca420cea17f47247e794)] -> name: password]
2023-12-19 20:12:909 INFO  LoginPage :65 - clicking on login button : [[ChromeDriver: chrome on windows (0571ca511514ca420cea17f47247e794)] -> xpath: //button[normalize-space()='Login']]
2023-12-19 20:12:949 INFO  HomePage :59 - Clicking on admin : [[ChromeDriver: chrome on windows (0571ca511514ca420cea17f47247e794)] -> xpath: //li[1]//a[1]//span[1]]
2023-12-19 20:12:249 INFO  ViewSystemUsersPage :83 - Get system user text from : [[ChromeDriver: chrome on windows (0571ca511514ca420cea17f47247e794)] -> xpath: //h5[normalize-space()='System Users']]
2023-12-19 20:12:386 INFO  ViewSystemUsersPage :89 - Enter User name : Odis.Adalwin in username field [[ChromeDriver: chrome on windows (0571ca511514ca420cea17f47247e794)] -> xpath: //div[@class='oxd-input-group oxd-input-field-bottom-space']//div//input[@class='oxd-input oxd-input--active']]
2023-12-19 20:12:581 INFO  ViewSystemUsersPage :94 - Enter user role : Admin [[ChromeDriver: chrome on windows (0571ca511514ca420cea17f47247e794)] -> xpath: (//div[contains(text(),'-- Select --')])[1]]
2023-12-19 20:12:731 INFO  ViewSystemUsersPage :99 - Enter employee name : Odis Adalwin in employee name field [[ChromeDriver: chrome on windows (0571ca511514ca420cea17f47247e794)] -> xpath: //input[@placeholder='Type for hints...']]
2023-12-19 20:12:831 INFO  ViewSystemUsersPage :104 - Enter status : Enabled in status box [[ChromeDriver: chrome on windows (0571ca511514ca420cea17f47247e794)] -> xpath: (//div[contains(text(),'-- Select --')])[2]]
2023-12-19 20:12:989 INFO  ViewSystemUsersPage :109 - Clicking on search button : [[ChromeDriver: chrome on windows (0571ca511514ca420cea17f47247e794)] -> xpath: //button[normalize-space()='Search']]
2023-12-19 20:12:46 INFO  ViewSystemUsersPage :136 - Get deleted successfully text : [[ChromeDriver: chrome on windows (0571ca511514ca420cea17f47247e794)] -> xpath: //span[@class='oxd-text oxd-text--span']]
