2023-12-17 11:12:944 INFO  HomePage :29 - Clicking on login link : [[ChromeDriver: chrome on windows (f037f70f7ac768d3ae3c71bbc9d8f6c8)] -> link text: Log in]
2023-12-17 11:12:576 INFO  HomePage :29 - Clicking on login link : [[ChromeDriver: chrome on windows (6c8bee760acaf677c9737cf794324381)] -> link text: Log in]
2023-12-17 11:12:553 INFO  HomePage :29 - Clicking on login link : [[ChromeDriver: chrome on windows (e45e0432a8a7f339637fd61aafbc52f5)] -> link text: Log in]
2023-12-17 11:12:258 INFO  HomePage :29 - Clicking on login link : [[ChromeDriver: chrome on windows (984a583c3bda6352ab028b50a53acb50)] -> link text: Log in]
2023-12-17 11:12:300 INFO  LoginPage :36 - Getting text from : [[ChromeDriver: chrome on windows (984a583c3bda6352ab028b50a53acb50)] -> xpath: //h1[contains(text(),'Welcome, Please Sign In!')]]
2023-12-17 11:12:438 INFO  HomePage :29 - Clicking on login link : [[ChromeDriver: chrome on windows (9f5f088f164d6abec13afe56f7484eeb)] -> link text: Log in]
2023-12-17 11:12:346 INFO  HomePage :29 - Clicking on login link : [[ChromeDriver: chrome on windows (d8ba779e3f417ba2cc6900fe133708ea)] -> link text: Log in]
2023-12-17 11:12:437 INFO  HomePage :29 - Clicking on login link : [[ChromeDriver: chrome on windows (2707be8faa0b4105689ddeb333e7407d)] -> link text: Log in]
2023-12-17 12:12:451 INFO  HomePage :29 - Clicking on login link : [[ChromeDriver: chrome on windows (a9a76358849b660b13940898c6d25243)] -> link text: Log in]
2023-12-17 12:12:826 INFO  HomePage :29 - Clicking on login link : [[ChromeDriver: chrome on windows (60a23af131bc171165b6225d44cc9bdf)] -> link text: Log in]
2023-12-17 12:12:815 INFO  HomePage :29 - Clicking on login link : [[ChromeDriver: chrome on windows (4e745be91c08bba343d2ef6fcafb7be8)] -> link text: Log in]
2023-12-17 12:12:98 INFO  HomePage :37 - Clicking on login link : [[ChromeDriver: chrome on windows (9082063c61d37236a08225386bed717c)] -> link text: Log in]
2023-12-17 12:12:894 INFO  HomePage :37 - Clicking on login link : [[ChromeDriver: chrome on windows (5c0f926f6a5bfabff6b3186e7334e6ce)] -> link text: Log in]
2023-12-17 12:12:233 INFO  HomePage :37 - Clicking on login link : [[ChromeDriver: chrome on windows (c4e98e2452e8bb7c2ca3ec4846a67775)] -> link text: Log in]
2023-12-17 15:12:918 INFO  HomePage :37 - Clicking on login link : [[ChromeDriver: chrome on windows (4252af577fd5fc8b22984c77ed180ff1)] -> link text: Log in]
2023-12-17 15:12:14 INFO  LoginPage :45 - Getting text from : [[ChromeDriver: chrome on windows (4252af577fd5fc8b22984c77ed180ff1)] -> xpath: //h1[contains(text(),'Welcome, Please Sign In!')]]
2023-12-17 15:12:421 INFO  HomePage :37 - Clicking on login link : [[ChromeDriver: chrome on windows (00433c34efab566c385cf1e62d984b4a)] -> link text: Log in]
2023-12-17 15:12:510 INFO  LoginPage :45 - Getting text from : [[ChromeDriver: chrome on windows (00433c34efab566c385cf1e62d984b4a)] -> xpath: //h1[contains(text(),'Welcome, Please Sign In!')]]
2023-12-17 15:12:583 INFO  HomePage :37 - Clicking on login link : [[ChromeDriver: chrome on windows (bcdb3257a9f433ab40a49ff76b5c7dab)] -> link text: Log in]
2023-12-17 15:12:499 INFO  HomePage :37 - Clicking on login link : [[ChromeDriver: chrome on windows (c6bbcbfda04a57b4b258f7cf4cd5134a)] -> link text: Log in]
2023-12-17 15:12:740 INFO  HomePage :42 - Clicking on register link : [[ChromeDriver: chrome on windows (75604c28845986c6b4ec9e32e31eb97a)] -> link text: Register]
2023-12-17 15:12:214 INFO  HomePage :42 - Clicking on register link : [[ChromeDriver: chrome on windows (86ccfeb7279172d18eaecbcc7ee0d728)] -> link text: Register]
2023-12-17 15:12:661 INFO  HomePage :37 - Clicking on login link : [[ChromeDriver: chrome on windows (bd96cd014398280a5ca00cc2a850b072)] -> link text: Log in]
2023-12-17 15:12:943 INFO  HomePage :37 - Clicking on login link : [[ChromeDriver: chrome on windows (7aa8e7621957930cf8e6d7daf2d326d6)] -> link text: Log in]
2023-12-17 15:12:166 INFO  HomePage :42 - Clicking on register link : [[ChromeDriver: chrome on windows (2dd373eb06082ffd26bb6d081fe2a77b)] -> link text: Register]
2023-12-17 16:12:495 INFO  HomePage :42 - Clicking on register link : [[ChromeDriver: chrome on windows (e5fbd0a3b853652fa5b64064f1a0f22a)] -> link text: Register]
2023-12-17 16:12:478 INFO  HomePage :42 - Clicking on register link : [[ChromeDriver: chrome on windows (70a073e84dfd9b6d173e5ba116aa9839)] -> xpath: //a[normalize-space()='Register']]
2023-12-17 16:12:664 INFO  HomePage :42 - Clicking on register link : [[ChromeDriver: chrome on windows (e618adf980881d544c638d46af40d116)] -> xpath: //a[normalize-space()='Register']]
2023-12-17 16:12:841 INFO  HomePage :42 - Clicking on register link : [[ChromeDriver: chrome on windows (f36a5044aeacd71048cbef20f8d168ee)] -> xpath: //a[normalize-space()='Register']]
2023-12-17 16:12:494 INFO  HomePage :42 - Clicking on register link : [[ChromeDriver: chrome on windows (717379c5b7d06e53752143373acb8da1)] -> xpath: //a[normalize-space()='Register']]
2023-12-17 16:12:775 INFO  HomePage :42 - Clicking on register link : [[ChromeDriver: chrome on windows (56a3f541c6c0a4aa1b05fa448a262af6)] -> xpath: //a[normalize-space()='Register']]
2023-12-17 16:12:247 INFO  HomePage :42 - Clicking on register link : [[ChromeDriver: chrome on windows (e1fe95c175f7b0c34b60dc2f37d10ccf)] -> xpath: //a[normalize-space()='Register']]
2023-12-17 16:12:486 INFO  HomePage :42 - Clicking on register link : [[ChromeDriver: chrome on windows (735a6ca8c8f85003a45471f664350bfd)] -> xpath: //a[normalize-space()='Register']]
2023-12-17 16:12:458 INFO  HomePage :42 - Clicking on register link : [[ChromeDriver: chrome on windows (5dafde662cef9c6cf7a79ee483c87201)] -> xpath: //a[normalize-space()='Register']]
2023-12-17 16:12:819 INFO  HomePage :42 - Clicking on register link : [[ChromeDriver: chrome on windows (df842b6008889a5407c84235b94db211)] -> xpath: //a[normalize-space()='Register']]
2023-12-17 18:12:978 INFO  HomePage :42 - Clicking on register link : [[ChromeDriver: chrome on windows (f6ffa42244d87e5b2792e1ec1a1ad970)] -> xpath: //a[normalize-space()='Register']]
2023-12-17 18:12:252 INFO  HomePage :42 - Clicking on register link : [[ChromeDriver: chrome on windows (20d538c1f38289999e2dadab697512ab)] -> xpath: //a[normalize-space()='Register']]
2023-12-17 18:12:465 INFO  HomePage :42 - Clicking on register link : [[ChromeDriver: chrome on windows (84b3ef5844d3eb49e04641c68007f53b)] -> xpath: //a[normalize-space()='Register']]
2023-12-17 18:12:58 INFO  HomePage :37 - Clicking on login link : [[ChromeDriver: chrome on windows (be67fd6119fc82210808886ffa3f995b)] -> link text: Log in]
2023-12-17 18:12:109 INFO  LoginPage :45 - Getting text from : [[ChromeDriver: chrome on windows (be67fd6119fc82210808886ffa3f995b)] -> xpath: //h1[contains(text(),'Welcome, Please Sign In!')]]
2023-12-17 18:12:999 INFO  HomePage :37 - Clicking on login link : [[ChromeDriver: chrome on windows (cf4e3d10d9f189716440c824329ea9c2)] -> link text: Log in]
2023-12-17 18:12:797 INFO  HomePage :37 - Clicking on login link : [[ChromeDriver: chrome on windows (55b24e2c97431c363f54f31a25ff2fef)] -> link text: Log in]
2023-12-17 18:12:301 INFO  HomePage :37 - Clicking on login link : [[ChromeDriver: chrome on windows (307c2c366abf9c06ab325e250f7054f3)] -> link text: Log in]
2023-12-17 18:12:555 INFO  HomePage :37 - Clicking on login link : [[ChromeDriver: chrome on windows (dae203721bc0d11afe53368ee9974868)] -> link text: Log in]
2023-12-17 18:12:341 INFO  HomePage :37 - Clicking on login link : [[ChromeDriver: chrome on windows (5ac8fab09eab1be3109acafc3deef4ab)] -> link text: Log in]
2023-12-17 18:12:648 INFO  HomePage :37 - Clicking on login link : [[ChromeDriver: chrome on windows (4cdf39a0aaa682e2f8c0fe7e38cf2cf4)] -> link text: Log in]
2023-12-17 18:12:876 INFO  HomePage :37 - Clicking on login link : [[ChromeDriver: chrome on windows (e461ed14b9508b6e1f4bd7a4b02eaa48)] -> link text: Log in]
2023-12-17 18:12:382 INFO  HomePage :42 - Clicking on register link : [[ChromeDriver: chrome on windows (dc062da1e72d61ba4f1cd6fbdde72b14)] -> xpath: //a[normalize-space()='Register']]
2023-12-17 18:12:551 INFO  HomePage :42 - Clicking on register link : [[ChromeDriver: chrome on windows (d4bb1343d9eee2a13fcf716cebea6149)] -> xpath: //a[normalize-space()='Register']]
2023-12-17 18:12:485 INFO  HomePage :42 - Clicking on register link : [[ChromeDriver: chrome on windows (eb38304b96571a1d5e6c6971f4c62f46)] -> xpath: //a[normalize-space()='Register']]
2023-12-17 18:12:141 INFO  HomePage :42 - Clicking on register link : [[ChromeDriver: chrome on windows (d4fc4a40c0a346de8b5131416e796f52)] -> xpath: //a[normalize-space()='Register']]
2023-12-17 18:12:258 INFO  HomePage :42 - Clicking on register link : [[ChromeDriver: chrome on windows (29db1305c4db5b13f1d5fe84b5e92a44)] -> xpath: //a[normalize-space()='Register']]
2023-12-17 18:12:212 INFO  HomePage :42 - Clicking on register link : [[ChromeDriver: chrome on windows (59e346be1bee77447530b9c354530116)] -> xpath: //a[normalize-space()='Register']]
2023-12-17 18:12:455 INFO  HomePage :42 - Clicking on register link : [[ChromeDriver: chrome on windows (39d3e75cba6075c4f1567aadc17884ad)] -> xpath: //a[normalize-space()='Register']]
2023-12-17 18:12:302 INFO  HomePage :42 - Clicking on register link : [[ChromeDriver: chrome on windows (df5062a79935bbb122a33a0183dafb36)] -> xpath: //a[normalize-space()='Register']]
2023-12-17 19:12:339 INFO  HomePage :42 - Clicking on register link : [[ChromeDriver: chrome on windows (0eb259f24ef1f85c472046f03174080d)] -> xpath: //a[normalize-space()='Register']]
2023-12-17 19:12:805 INFO  HomePage :42 - Clicking on register link : [[ChromeDriver: chrome on windows (14b3fd90b715e926e340b5f36a2b29ac)] -> xpath: //a[normalize-space()='Register']]
2023-12-17 19:12:309 INFO  HomePage :42 - Clicking on register link : [[ChromeDriver: chrome on windows (ca5ed15155c868855ea4cff34f9e7037)] -> xpath: //a[normalize-space()='Register']]
2023-12-17 19:12:350 INFO  HomePage :42 - Clicking on register link : [[ChromeDriver: chrome on windows (595c87e211c318b4414c13a32cde310a)] -> xpath: //a[normalize-space()='Register']]
2023-12-17 19:12:784 INFO  HomePage :42 - Clicking on register link : [[ChromeDriver: chrome on windows (5c70c3fec2e1b78f0640e98a4bed711e)] -> xpath: //a[normalize-space()='Register']]
2023-12-17 19:12:361 INFO  HomePage :42 - Clicking on register link : [[ChromeDriver: chrome on windows (d02332ad55c2f4a1d86234c88f7522cb)] -> xpath: //a[normalize-space()='Register']]
2023-12-17 19:12:370 INFO  HomePage :42 - Clicking on register link : [[ChromeDriver: chrome on windows (5eb6f5f013c85e784f41891389791026)] -> xpath: //a[normalize-space()='Register']]
2023-12-17 19:12:426 INFO  HomePage :42 - Clicking on register link : [[ChromeDriver: chrome on windows (f15df3a753fd99e530aba1fdaf7f3ba1)] -> xpath: //a[normalize-space()='Register']]
2023-12-17 19:12:621 INFO  HomePage :42 - Clicking on register link : [[ChromeDriver: chrome on windows (f313fc913a9e8c311f8f4f0bb11bb49c)] -> xpath: //a[normalize-space()='Register']]
2023-12-17 19:12:337 INFO  HomePage :42 - Clicking on register link : [[ChromeDriver: chrome on windows (f4116ba98e4f1e7b81fc917a002b60b7)] -> xpath: //a[normalize-space()='Register']]
2023-12-17 19:12:912 INFO  HomePage :42 - Clicking on register link : [[ChromeDriver: chrome on windows (09c387f1c8bc5e9b9f5800b451634598)] -> xpath: //a[normalize-space()='Register']]
2023-12-17 19:12:295 INFO  HomePage :42 - Clicking on register link : [[ChromeDriver: chrome on windows (932313e0e3041a740637d9c0d23ad7cb)] -> xpath: //a[normalize-space()='Register']]
2023-12-17 19:12:370 INFO  HomePage :42 - Clicking on register link : [[ChromeDriver: chrome on windows (6f7e592e1fd86fe25af439cf9f08992d)] -> xpath: //a[normalize-space()='Register']]
2023-12-17 19:12:255 INFO  HomePage :42 - Clicking on register link : [[ChromeDriver: chrome on windows (98bcfc8f169eebf43e117ae1c8ec839d)] -> xpath: //a[normalize-space()='Register']]
2023-12-17 19:12:404 INFO  HomePage :42 - Clicking on register link : [[ChromeDriver: chrome on windows (0a608445c583dfce036d20eba097e41c)] -> xpath: //a[normalize-space()='Register']]
2023-12-17 19:12:40 INFO  HomePage :42 - Clicking on register link : [[ChromeDriver: chrome on windows (d138d845519f9779c878c19c815b7081)] -> xpath: //a[normalize-space()='Register']]
2023-12-17 19:12:341 INFO  HomePage :42 - Clicking on register link : [[ChromeDriver: chrome on windows (d138d845519f9779c878c19c815b7081)] -> xpath: //a[normalize-space()='Register']]
2023-12-17 20:12:460 INFO  HomePage :42 - Clicking on register link : [[ChromeDriver: chrome on windows (d5c26925e8f2423adb4c007aad8d8a7c)] -> xpath: //a[normalize-space()='Register']]
2023-12-17 20:12:940 INFO  HomePage :37 - Clicking on login link : [[ChromeDriver: chrome on windows (55597aaed1023a6eafd6c42c27dac50e)] -> link text: Log in]
2023-12-17 20:12:985 INFO  LoginPage :45 - Getting text from : [[ChromeDriver: chrome on windows (55597aaed1023a6eafd6c42c27dac50e)] -> xpath: //h1[contains(text(),'Welcome, Please Sign In!')]]
2023-12-17 20:12:677 INFO  HomePage :37 - Clicking on login link : [[ChromeDriver: chrome on windows (e1d75bed09a51f1ff46aa9835701a9c9)] -> link text: Log in]
2023-12-17 20:12:328 INFO  HomePage :37 - Clicking on login link : [[ChromeDriver: chrome on windows (419107bbfe42dad2e7b3ea92b3820e5a)] -> link text: Log in]
2023-12-17 20:12:574 INFO  HomePage :37 - Clicking on login link : [[ChromeDriver: chrome on windows (7d359adf5eb251e5c7508fe17135ff7d)] -> link text: Log in]
2023-12-17 20:12:924 INFO  HomePage :37 - Clicking on login link : [[ChromeDriver: chrome on windows (b2745a01409d433e2d9b69d5b3faf821)] -> link text: Log in]
2023-12-17 20:12:868 INFO  HomePage :37 - Clicking on login link : [[ChromeDriver: chrome on windows (6792d1bf3944f944d21b633110067a3d)] -> link text: Log in]
2023-12-17 20:12:80 INFO  HomePage :42 - Clicking on register link : [[ChromeDriver: chrome on windows (6199675d1968a5e03f68e8d167fbe320)] -> xpath: //a[normalize-space()='Register']]
2023-12-17 20:12:179 INFO  HomePage :42 - Clicking on register link : [[ChromeDriver: chrome on windows (2dbfb6675687706dfa0573107d079ea1)] -> xpath: //a[normalize-space()='Register']]
2023-12-17 20:12:770 INFO  HomePage :42 - Clicking on register link : [[ChromeDriver: chrome on windows (e11914351c4a166f9be775ea6e80b889)] -> xpath: //a[normalize-space()='Register']]
2023-12-17 20:12:66 INFO  HomePage :42 - Clicking on register link : [[ChromeDriver: chrome on windows (e11914351c4a166f9be775ea6e80b889)] -> xpath: //a[normalize-space()='Register']]
2023-12-17 20:12:925 INFO  HomePage :37 - Clicking on login link : [[ChromeDriver: chrome on windows (fc2255a217273887a129b27092acfa37)] -> link text: Log in]
2023-12-17 20:12:966 INFO  LoginPage :45 - Getting text from : [[ChromeDriver: chrome on windows (fc2255a217273887a129b27092acfa37)] -> xpath: //h1[contains(text(),'Welcome, Please Sign In!')]]
2023-12-17 20:12:781 INFO  HomePage :37 - Clicking on login link : [[ChromeDriver: chrome on windows (231af4965663576c8b21ede8e62d41f1)] -> link text: Log in]
2023-12-17 20:12:814 INFO  HomePage :37 - Clicking on login link : [[ChromeDriver: chrome on windows (eda4204c9bd241b8c8829979ba1f145e)] -> link text: Log in]
2023-12-17 20:12:836 INFO  HomePage :37 - Clicking on login link : [[ChromeDriver: chrome on windows (a694abcb506527670d1331acd22920ed)] -> link text: Log in]
2023-12-17 20:12:845 INFO  HomePage :37 - Clicking on login link : [[ChromeDriver: chrome on windows (b5cd2fed63b5bdd0071b41df9cd7560e)] -> link text: Log in]
2023-12-17 20:12:871 INFO  HomePage :37 - Clicking on login link : [[ChromeDriver: chrome on windows (e11051e82ae3a0fac9d3491213dd067c)] -> link text: Log in]
2023-12-17 20:12:94 INFO  HomePage :42 - Clicking on register link : [[ChromeDriver: chrome on windows (1b07acfbe9761321c2ad12ea1c4db796)] -> xpath: //a[normalize-space()='Register']]
2023-12-17 20:12:128 INFO  HomePage :42 - Clicking on register link : [[ChromeDriver: chrome on windows (91662b83a7f21b8d6b9f408710915911)] -> xpath: //a[normalize-space()='Register']]
2023-12-17 20:12:841 INFO  HomePage :42 - Clicking on register link : [[ChromeDriver: chrome on windows (61054ee8600a69c413df67355f19b5aa)] -> xpath: //a[normalize-space()='Register']]
2023-12-17 20:12:107 INFO  HomePage :42 - Clicking on register link : [[ChromeDriver: chrome on windows (61054ee8600a69c413df67355f19b5aa)] -> xpath: //a[normalize-space()='Register']]
2023-12-17 20:12:665 INFO  HomePage :37 - Clicking on login link : [[ChromeDriver: chrome on windows (2048dadf410e1f8b70cd12188dd6fd04)] -> link text: Log in]
2023-12-17 20:12:727 INFO  LoginPage :45 - Getting text from : [[ChromeDriver: chrome on windows (2048dadf410e1f8b70cd12188dd6fd04)] -> xpath: //h1[contains(text(),'Welcome, Please Sign In!')]]
2023-12-17 20:12:611 INFO  HomePage :37 - Clicking on login link : [[ChromeDriver: chrome on windows (7ea57476be2a894b35854c68b8e7442b)] -> link text: Log in]
2023-12-17 20:12:597 INFO  HomePage :37 - Clicking on login link : [[ChromeDriver: chrome on windows (08cff265ea2b31fb686490021efe9149)] -> link text: Log in]
2023-12-17 20:12:832 INFO  HomePage :37 - Clicking on login link : [[ChromeDriver: chrome on windows (280fefa59c562d3565cde75536a0ce42)] -> link text: Log in]
2023-12-17 20:12:266 INFO  HomePage :37 - Clicking on login link : [[ChromeDriver: chrome on windows (7a3cc4feadcce089d800d4f2575e723f)] -> link text: Log in]
2023-12-17 20:12:950 INFO  HomePage :37 - Clicking on login link : [[ChromeDriver: chrome on windows (b64a8cac0f2a5d8a52866218546f59e2)] -> link text: Log in]
2023-12-17 20:12:455 INFO  HomePage :42 - Clicking on register link : [[ChromeDriver: chrome on windows (376b7ed4a582f36854c81ac9f9ef53f2)] -> xpath: //a[normalize-space()='Register']]
2023-12-17 20:12:418 INFO  HomePage :42 - Clicking on register link : [[ChromeDriver: chrome on windows (93052c06c8af9e980c46332335c76e37)] -> xpath: //a[normalize-space()='Register']]
2023-12-17 20:12:77 INFO  HomePage :42 - Clicking on register link : [[ChromeDriver: chrome on windows (fd702c0e6e5aaa881581059fcfd597dc)] -> xpath: //a[normalize-space()='Register']]
2023-12-17 22:12:140 INFO  HomePage :38 - Clicking on login link : [[ChromeDriver: chrome on windows (fe0b45b9c28999a9ab1f818fb4ce5ec4)] -> link text: Log in]
2023-12-17 22:12:252 INFO  LoginPage :46 - Getting text from : [[ChromeDriver: chrome on windows (fe0b45b9c28999a9ab1f818fb4ce5ec4)] -> xpath: //h1[contains(text(),'Welcome, Please Sign In!')]]
2023-12-17 22:12:286 INFO  HomePage :38 - Clicking on login link : [[ChromeDriver: chrome on windows (328ac745a2e518d4c4584b4834398fcc)] -> link text: Log in]
2023-12-17 22:12:661 INFO  HomePage :38 - Clicking on login link : [[ChromeDriver: chrome on windows (adc61fbe86f73e52d1f33d55b0ebd82d)] -> link text: Log in]
2023-12-17 22:12:109 INFO  HomePage :38 - Clicking on login link : [[ChromeDriver: chrome on windows (3c663e24021bd3ccef7e6a8828715b23)] -> link text: Log in]
2023-12-17 22:12:484 INFO  HomePage :38 - Clicking on login link : [[ChromeDriver: chrome on windows (11d02de34db2f5fff4e1600a8eb114c0)] -> link text: Log in]
2023-12-17 22:12:692 INFO  HomePage :38 - Clicking on login link : [[ChromeDriver: chrome on windows (06c20e2d58c317d4038d1eaf919bd4dc)] -> link text: Log in]
2023-12-17 22:12:98 INFO  HomePage :43 - Clicking on register link : [[ChromeDriver: chrome on windows (78f94c9444d9b6c6dd6dcdd484ea43e4)] -> xpath: //a[normalize-space()='Register']]
2023-12-17 22:12:764 INFO  HomePage :43 - Clicking on register link : [[ChromeDriver: chrome on windows (f811139bcc134cbc5c2682ff4d6931dd)] -> xpath: //a[normalize-space()='Register']]
2023-12-17 22:12:733 INFO  HomePage :43 - Clicking on register link : [[ChromeDriver: chrome on windows (d37254ab8583af7367b50c937d98df00)] -> xpath: //a[normalize-space()='Register']]
2023-12-17 22:12:381 INFO  HomePage :38 - Clicking on login link : [[ChromeDriver: chrome on windows (679ca2bb0a65ceb0506bb5dd096bea67)] -> link text: Log in]
2023-12-17 22:12:475 INFO  LoginPage :46 - Getting text from : [[ChromeDriver: chrome on windows (679ca2bb0a65ceb0506bb5dd096bea67)] -> xpath: //h1[contains(text(),'Welcome, Please Sign In!')]]
2023-12-17 22:12:679 INFO  HomePage :38 - Clicking on login link : [[ChromeDriver: chrome on windows (6683f1c152f7f78a1f397956d5993217)] -> link text: Log in]
2023-12-17 22:12:539 INFO  HomePage :38 - Clicking on login link : [[ChromeDriver: chrome on windows (50ccadd9e5f9b4860a1ab5943c2749eb)] -> link text: Log in]
2023-12-17 22:12:993 INFO  HomePage :38 - Clicking on login link : [[ChromeDriver: chrome on windows (9c4fb2e459b0cbc237cc5c1066d7898f)] -> link text: Log in]
2023-12-17 22:12:189 INFO  HomePage :38 - Clicking on login link : [[ChromeDriver: chrome on windows (2d4c166691fd64b33e4e38a13fd855a4)] -> link text: Log in]
2023-12-17 22:12:25 INFO  HomePage :38 - Clicking on login link : [[ChromeDriver: chrome on windows (ea4d559ecb48ae2adae8f4706fb1c4b5)] -> link text: Log in]
2023-12-17 22:12:701 INFO  LoginPage :41 - click on : [[ChromeDriver: chrome on windows (ea4d559ecb48ae2adae8f4706fb1c4b5)] -> xpath: //a[normalize-space()='Log out']]
2023-12-17 22:12:07 INFO  HomePage :43 - Clicking on register link : [[ChromeDriver: chrome on windows (1e15044cb6aceb75233ccecb41b6df84)] -> xpath: //a[normalize-space()='Register']]
2023-12-17 22:12:501 INFO  HomePage :43 - Clicking on register link : [[ChromeDriver: chrome on windows (2bdb0631a579652dd210855bb3028873)] -> xpath: //a[normalize-space()='Register']]
2023-12-17 22:12:191 INFO  HomePage :43 - Clicking on register link : [[ChromeDriver: chrome on windows (733c3e4dcec2a6e177742983732cbd94)] -> xpath: //a[normalize-space()='Register']]
2023-12-17 22:12:817 INFO  HomePage :38 - Clicking on login link : [[ChromeDriver: chrome on windows (d1f57be6f0815248e0c43a30eee9954b)] -> link text: Log in]
2023-12-17 22:12:872 INFO  LoginPage :46 - Getting text from : [[ChromeDriver: chrome on windows (d1f57be6f0815248e0c43a30eee9954b)] -> xpath: //h1[contains(text(),'Welcome, Please Sign In!')]]
2023-12-17 22:12:668 INFO  HomePage :38 - Clicking on login link : [[ChromeDriver: chrome on windows (13572cf1a4b61395284b518d7673e63c)] -> link text: Log in]
2023-12-17 22:12:317 INFO  HomePage :38 - Clicking on login link : [[ChromeDriver: chrome on windows (8c45a366fdcdf627b53d540446f6f119)] -> link text: Log in]
2023-12-17 22:12:66 INFO  HomePage :38 - Clicking on login link : [[ChromeDriver: chrome on windows (e6fb711e35fdf63359d9f5a7bbb7801f)] -> link text: Log in]
2023-12-17 22:12:330 INFO  HomePage :38 - Clicking on login link : [[ChromeDriver: chrome on windows (2a1dd745f1e3ca0bfd61d2fbab783877)] -> link text: Log in]
2023-12-17 22:12:833 INFO  HomePage :38 - Clicking on login link : [[ChromeDriver: chrome on windows (5ce14a34c5aacaa2b2dc13661355a192)] -> link text: Log in]
2023-12-17 22:12:38 INFO  HomePage :43 - Clicking on register link : [[ChromeDriver: chrome on windows (55470bad1ad7899b5c6770c05d6d1c29)] -> xpath: //a[normalize-space()='Register']]
2023-12-17 22:12:103 INFO  HomePage :43 - Clicking on register link : [[ChromeDriver: chrome on windows (32498bb3b7b491ba7a82ffb374e820db)] -> xpath: //a[normalize-space()='Register']]
2023-12-17 22:12:871 INFO  HomePage :43 - Clicking on register link : [[ChromeDriver: chrome on windows (a687692b2b208556aeb810d442cb317e)] -> xpath: //a[normalize-space()='Register']]
2023-12-18 19:12:623 INFO  ComputerPage :25 - get text from : [[ChromeDriver: chrome on windows (f1d2fb131a6a4bb9d5785174c8d47ee0)] -> xpath: //h1[normalize-space()='Computers']]
2023-12-18 19:12:759 INFO  ComputerPage :31 - click on : [[ChromeDriver: chrome on windows (5352745c2c041674479b7cacc1816bef)] -> xpath: //a[@title='Show products in category Desktops'][normalize-space()='Desktops']]
2023-12-18 19:12:794 INFO  DesktopPage :30 - get text from : [[ChromeDriver: chrome on windows (5352745c2c041674479b7cacc1816bef)] -> xpath: //h1[normalize-space()='Desktops']]
2023-12-18 19:12:481 INFO  ComputerPage :31 - click on : [[ChromeDriver: chrome on windows (fb7dd92b3f65bc8f1bbc01416ec9c6d4)] -> xpath: //a[@title='Show products in category Desktops'][normalize-space()='Desktops']]
2023-12-18 19:12:979 INFO  DesktopPage :26 - click on : [[ChromeDriver: chrome on windows (fb7dd92b3f65bc8f1bbc01416ec9c6d4)] -> xpath: //a[normalize-space()='Build your own computer']]
2023-12-18 19:12:228 INFO  BuildYourOwnComputerPage :53 - send text to : [[ChromeDriver: chrome on windows (fb7dd92b3f65bc8f1bbc01416ec9c6d4)] -> xpath: //select[@id='product_attribute_1']]
2023-12-18 19:12:410 INFO  BuildYourOwnComputerPage :58 - send text to : [[ChromeDriver: chrome on windows (fb7dd92b3f65bc8f1bbc01416ec9c6d4)] -> xpath: //select[@id='product_attribute_2']]
2023-12-18 19:12:541 INFO  BuildYourOwnComputerPage :63 - send text to : [[ChromeDriver: chrome on windows (fb7dd92b3f65bc8f1bbc01416ec9c6d4)] -> id: product_attribute_3_7]
2023-12-18 19:12:655 INFO  BuildYourOwnComputerPage :68 - send text to : [[ChromeDriver: chrome on windows (fb7dd92b3f65bc8f1bbc01416ec9c6d4)] -> id: product_attribute_4_9]
2023-12-18 19:12:771 INFO  BuildYourOwnComputerPage :73 - send text to : [[ChromeDriver: chrome on windows (fb7dd92b3f65bc8f1bbc01416ec9c6d4)] -> id: product_attribute_5_12]
2023-12-18 19:12:866 INFO  BuildYourOwnComputerPage :78 - click on : [[ChromeDriver: chrome on windows (fb7dd92b3f65bc8f1bbc01416ec9c6d4)] -> id: add-to-cart-button-1]
2023-12-18 19:12:92 INFO  BuildYourOwnComputerPage :83 - get text from : [[ChromeDriver: chrome on windows (fb7dd92b3f65bc8f1bbc01416ec9c6d4)] -> xpath: //p[@class='content']]
2023-12-18 19:12:816 INFO  ComputerPage :31 - click on : [[ChromeDriver: chrome on windows (6f65dd6716864a3e851a874a8065fe25)] -> xpath: //a[@title='Show products in category Desktops'][normalize-space()='Desktops']]
2023-12-18 19:12:316 INFO  DesktopPage :26 - click on : [[ChromeDriver: chrome on windows (6f65dd6716864a3e851a874a8065fe25)] -> xpath: //a[normalize-space()='Build your own computer']]
2023-12-18 19:12:457 INFO  BuildYourOwnComputerPage :53 - send text to : [[ChromeDriver: chrome on windows (6f65dd6716864a3e851a874a8065fe25)] -> xpath: //select[@id='product_attribute_1']]
2023-12-18 19:12:639 INFO  BuildYourOwnComputerPage :58 - send text to : [[ChromeDriver: chrome on windows (6f65dd6716864a3e851a874a8065fe25)] -> xpath: //select[@id='product_attribute_2']]
2023-12-18 19:12:762 INFO  BuildYourOwnComputerPage :63 - send text to : [[ChromeDriver: chrome on windows (6f65dd6716864a3e851a874a8065fe25)] -> id: product_attribute_3_7]
2023-12-18 19:12:883 INFO  BuildYourOwnComputerPage :68 - send text to : [[ChromeDriver: chrome on windows (6f65dd6716864a3e851a874a8065fe25)] -> id: product_attribute_4_9]
2023-12-18 19:12:999 INFO  BuildYourOwnComputerPage :73 - send text to : [[ChromeDriver: chrome on windows (6f65dd6716864a3e851a874a8065fe25)] -> id: product_attribute_5_12]
2023-12-18 19:12:105 INFO  BuildYourOwnComputerPage :78 - click on : [[ChromeDriver: chrome on windows (6f65dd6716864a3e851a874a8065fe25)] -> id: add-to-cart-button-1]
2023-12-18 19:12:395 INFO  BuildYourOwnComputerPage :83 - get text from : [[ChromeDriver: chrome on windows (6f65dd6716864a3e851a874a8065fe25)] -> xpath: //p[@class='content']]
2023-12-18 19:12:105 INFO  ComputerPage :31 - click on : [[ChromeDriver: chrome on windows (1030b3c7ad7d2dfd3bea18daa2f7424b)] -> xpath: //a[@title='Show products in category Desktops'][normalize-space()='Desktops']]
2023-12-18 19:12:598 INFO  DesktopPage :26 - click on : [[ChromeDriver: chrome on windows (1030b3c7ad7d2dfd3bea18daa2f7424b)] -> xpath: //a[normalize-space()='Build your own computer']]
2023-12-18 19:12:753 INFO  BuildYourOwnComputerPage :53 - send text to : [[ChromeDriver: chrome on windows (1030b3c7ad7d2dfd3bea18daa2f7424b)] -> xpath: //select[@id='product_attribute_1']]
2023-12-18 19:12:933 INFO  BuildYourOwnComputerPage :58 - send text to : [[ChromeDriver: chrome on windows (1030b3c7ad7d2dfd3bea18daa2f7424b)] -> xpath: //select[@id='product_attribute_2']]
2023-12-18 19:12:47 INFO  BuildYourOwnComputerPage :63 - send text to : [[ChromeDriver: chrome on windows (1030b3c7ad7d2dfd3bea18daa2f7424b)] -> id: product_attribute_3_7]
2023-12-18 19:12:154 INFO  BuildYourOwnComputerPage :68 - send text to : [[ChromeDriver: chrome on windows (1030b3c7ad7d2dfd3bea18daa2f7424b)] -> id: product_attribute_4_9]
2023-12-18 19:12:266 INFO  BuildYourOwnComputerPage :73 - send text to : [[ChromeDriver: chrome on windows (1030b3c7ad7d2dfd3bea18daa2f7424b)] -> id: product_attribute_5_12]
2023-12-18 19:12:352 INFO  BuildYourOwnComputerPage :78 - click on : [[ChromeDriver: chrome on windows (1030b3c7ad7d2dfd3bea18daa2f7424b)] -> id: add-to-cart-button-1]
2023-12-18 19:12:576 INFO  BuildYourOwnComputerPage :83 - get text from : [[ChromeDriver: chrome on windows (1030b3c7ad7d2dfd3bea18daa2f7424b)] -> xpath: //p[@class='content']]
2023-12-18 19:12:546 INFO  HomePage :38 - Clicking on login link : [[ChromeDriver: chrome on windows (4888ff8b9ad42669627263d6f90e5981)] -> link text: Log in]
2023-12-18 19:12:612 INFO  LoginPage :46 - Getting text from : [[ChromeDriver: chrome on windows (4888ff8b9ad42669627263d6f90e5981)] -> xpath: //h1[contains(text(),'Welcome, Please Sign In!')]]
2023-12-18 19:12:707 INFO  HomePage :38 - Clicking on login link : [[ChromeDriver: chrome on windows (1c475cd219be7b3670efa17a69e2771b)] -> link text: Log in]
2023-12-18 19:12:924 INFO  LoginPage :52 - send text to : [[ChromeDriver: chrome on windows (1c475cd219be7b3670efa17a69e2771b)] -> id: Email]
2023-12-18 19:12:55 INFO  LoginPage :57 - send text to : [[ChromeDriver: chrome on windows (1c475cd219be7b3670efa17a69e2771b)] -> name: Password]
2023-12-18 19:12:384 INFO  LoginPage :63 - click on : [[ChromeDriver: chrome on windows (1c475cd219be7b3670efa17a69e2771b)] -> xpath: //button[contains(text(),'Log in')]]
2023-12-18 19:12:490 INFO  LoginPage :67 - get text from : [[ChromeDriver: chrome on windows (1c475cd219be7b3670efa17a69e2771b)] -> xpath: //div[@class='message-error validation-summary-errors']]
2023-12-18 19:12:688 INFO  HomePage :38 - Clicking on login link : [[ChromeDriver: chrome on windows (42d06f681f2fec2ceaa642281142ec36)] -> link text: Log in]
2023-12-18 19:12:882 INFO  LoginPage :52 - send text to : [[ChromeDriver: chrome on windows (42d06f681f2fec2ceaa642281142ec36)] -> id: Email]
2023-12-18 19:12:16 INFO  LoginPage :57 - send text to : [[ChromeDriver: chrome on windows (42d06f681f2fec2ceaa642281142ec36)] -> name: Password]
2023-12-18 19:12:395 INFO  LoginPage :63 - click on : [[ChromeDriver: chrome on windows (42d06f681f2fec2ceaa642281142ec36)] -> xpath: //button[contains(text(),'Log in')]]
2023-12-18 19:12:438 INFO  LoginPage :67 - get text from : [[ChromeDriver: chrome on windows (42d06f681f2fec2ceaa642281142ec36)] -> xpath: //div[@class='message-error validation-summary-errors']]
2023-12-18 19:12:327 INFO  HomePage :38 - Clicking on login link : [[ChromeDriver: chrome on windows (85aa79b4b8a0ce8d75fbb9fdc074164e)] -> link text: Log in]
2023-12-18 19:12:528 INFO  LoginPage :52 - send text to : [[ChromeDriver: chrome on windows (85aa79b4b8a0ce8d75fbb9fdc074164e)] -> id: Email]
2023-12-18 19:12:662 INFO  LoginPage :57 - send text to : [[ChromeDriver: chrome on windows (85aa79b4b8a0ce8d75fbb9fdc074164e)] -> name: Password]
2023-12-18 19:12:16 INFO  LoginPage :63 - click on : [[ChromeDriver: chrome on windows (85aa79b4b8a0ce8d75fbb9fdc074164e)] -> xpath: //button[contains(text(),'Log in')]]
2023-12-18 19:12:116 INFO  LoginPage :67 - get text from : [[ChromeDriver: chrome on windows (85aa79b4b8a0ce8d75fbb9fdc074164e)] -> xpath: //div[@class='message-error validation-summary-errors']]
2023-12-18 19:12:142 INFO  HomePage :38 - Clicking on login link : [[ChromeDriver: chrome on windows (d404a1a56e1199c53ee1709ecbd79cdd)] -> link text: Log in]
2023-12-18 19:12:340 INFO  LoginPage :52 - send text to : [[ChromeDriver: chrome on windows (d404a1a56e1199c53ee1709ecbd79cdd)] -> id: Email]
2023-12-18 19:12:470 INFO  LoginPage :57 - send text to : [[ChromeDriver: chrome on windows (d404a1a56e1199c53ee1709ecbd79cdd)] -> name: Password]
2023-12-18 19:12:859 INFO  LoginPage :63 - click on : [[ChromeDriver: chrome on windows (d404a1a56e1199c53ee1709ecbd79cdd)] -> xpath: //button[contains(text(),'Log in')]]
2023-12-18 19:12:955 INFO  HomePage :38 - Clicking on login link : [[ChromeDriver: chrome on windows (e5098608a5736e9c1974fd174707d932)] -> link text: Log in]
2023-12-18 19:12:178 INFO  LoginPage :52 - send text to : [[ChromeDriver: chrome on windows (e5098608a5736e9c1974fd174707d932)] -> id: Email]
2023-12-18 19:12:328 INFO  LoginPage :57 - send text to : [[ChromeDriver: chrome on windows (e5098608a5736e9c1974fd174707d932)] -> name: Password]
2023-12-18 19:12:714 INFO  LoginPage :63 - click on : [[ChromeDriver: chrome on windows (e5098608a5736e9c1974fd174707d932)] -> xpath: //button[contains(text(),'Log in')]]
2023-12-18 19:12:278 INFO  HomePage :43 - Clicking on register link : [[ChromeDriver: chrome on windows (04a308087fc2357d8e63e153ad88f041)] -> xpath: //a[normalize-space()='Register']]
2023-12-18 19:12:461 INFO  HomePage :43 - Clicking on register link : [[ChromeDriver: chrome on windows (18338595717d0d978d33edc63c8073ed)] -> xpath: //a[normalize-space()='Register']]
2023-12-18 19:12:789 INFO  HomePage :43 - Clicking on register link : [[ChromeDriver: chrome on windows (fb0778e82cdd1692d92536770667d4f1)] -> xpath: //a[normalize-space()='Register']]
