2023-12-19 13:12:843 INFO  HomePage :85 - Clicking on laptop and notebook from : [[ChromeDriver: chrome on windows (4b888f034b0d1acf94cdd2009d5afe25)] -> xpath: //a[normalize-space()='Laptops & Notebooks']]
2023-12-19 13:12:00 INFO  HomePage :58 - Select menu from : Show AllLaptops & Notebooks[[ChromeDriver: chrome on windows (4b888f034b0d1acf94cdd2009d5afe25)] -> link text: Show AllLaptops & Notebooks]
2023-12-19 13:12:724 INFO  LaptopsAndNoteBookPage :31 - select text : Price (High > Low) from dropdown [[ChromeDriver: chrome on windows (4b888f034b0d1acf94cdd2009d5afe25)] -> xpath: (//select[@id='input-sort'])[1]]
2023-12-19 13:12:789 INFO  LaptopsAndNoteBookPage :33 - get array list : [[ChromeDriver: chrome on windows (4b888f034b0d1acf94cdd2009d5afe25)] -> xpath: //p[@class ='price']]
2023-12-19 13:12:840 INFO  LaptopsAndNoteBookPage :39 - Get products arrangement in high to low order : [[ChromeDriver: chrome on windows (4b888f034b0d1acf94cdd2009d5afe25)] -> xpath: //p[@class ='price']]
2023-12-19 13:12:584 INFO  HomePage :107 - Clicking on dropdown from : [[ChromeDriver: chrome on windows (3f3cebe9896282f1138c58e3e993d6e6)] -> xpath: //button[@class='btn btn-link dropdown-toggle']]
2023-12-19 13:12:738 INFO  HomePage :112 - Clicking on sterling from dropdown : [[ChromeDriver: chrome on windows (3f3cebe9896282f1138c58e3e993d6e6)] -> xpath: (//button[normalize-space()='£Pound Sterling'])[1]]
2023-12-19 13:12:898 INFO  HomePage :85 - Clicking on laptop and notebook from : [[ChromeDriver: chrome on windows (3f3cebe9896282f1138c58e3e993d6e6)] -> xpath: //a[normalize-space()='Laptops & Notebooks']]
2023-12-19 13:12:276 INFO  HomePage :58 - Select menu from : Show AllLaptops & Notebooks[[ChromeDriver: chrome on windows (3f3cebe9896282f1138c58e3e993d6e6)] -> link text: Show AllLaptops & Notebooks]
2023-12-19 13:12:959 INFO  LaptopsAndNoteBookPage :31 - select text : Price (High > Low) from dropdown [[ChromeDriver: chrome on windows (3f3cebe9896282f1138c58e3e993d6e6)] -> xpath: (//select[@id='input-sort'])[1]]
2023-12-19 13:12:21 INFO  LaptopsAndNoteBookPage :33 - get array list : [[ChromeDriver: chrome on windows (3f3cebe9896282f1138c58e3e993d6e6)] -> xpath: //p[@class ='price']]
2023-12-19 13:12:424 INFO  LaptopsAndNoteBookPage :50 - Clicking on product from : [[ChromeDriver: chrome on windows (3f3cebe9896282f1138c58e3e993d6e6)] -> link text: MacBook]
2023-12-19 13:12:473 INFO  MacBookPage :31 - Get MacBook text : [[ChromeDriver: chrome on windows (3f3cebe9896282f1138c58e3e993d6e6)] -> xpath: //h1[normalize-space()='MacBook']]
2023-12-19 13:12:592 INFO  MacBookPage :37 - Clicking on add to cart from : [[ChromeDriver: chrome on windows (3f3cebe9896282f1138c58e3e993d6e6)] -> xpath: //button[@id='button-cart']]
2023-12-19 13:12:198 INFO  MacBookPage :42 - Get adding cart successfully message : [[ChromeDriver: chrome on windows (3f3cebe9896282f1138c58e3e993d6e6)] -> xpath: //div[@class='alert alert-success alert-dismissible']]
2023-12-19 13:12:246 INFO  MacBookPage :48 - Clicking on shopping cart link : [[ChromeDriver: chrome on windows (3f3cebe9896282f1138c58e3e993d6e6)] -> xpath: //a[normalize-space()='shopping cart']]
2023-12-19 13:12:292 INFO  ShoppingCartPage :73 - Get Shopping cart text : [[ChromeDriver: chrome on windows (3f3cebe9896282f1138c58e3e993d6e6)] -> xpath: //h1[contains(text(),'Shopping Cart')]]
2023-12-19 13:12:349 INFO  ShoppingCartPage :103 - Get product name : [[ChromeDriver: chrome on windows (3f3cebe9896282f1138c58e3e993d6e6)] -> xpath: (//a[contains(text(),'MacBook')])[2]]
2023-12-19 13:12:475 INFO  ShoppingCartPage :109 - Clear text : [[ChromeDriver: chrome on windows (3f3cebe9896282f1138c58e3e993d6e6)] -> xpath: //input[@class='form-control']]
2023-12-19 13:12:542 INFO  ShoppingCartPage :114 - Enter qty : 2 in qty box [[ChromeDriver: chrome on windows (3f3cebe9896282f1138c58e3e993d6e6)] -> xpath: //input[@class='form-control']]
2023-12-19 13:12:811 INFO  ShoppingCartPage :119 - Clicking on update the box button : [[ChromeDriver: chrome on windows (3f3cebe9896282f1138c58e3e993d6e6)] -> xpath: (//button[@type='submit'])[1]]
2023-12-19 13:12:857 INFO  ShoppingCartPage :124 - Get success message : [[ChromeDriver: chrome on windows (3f3cebe9896282f1138c58e3e993d6e6)] -> xpath: //div[@class='alert alert-success alert-dismissible']]
2023-12-19 13:12:895 INFO  ShoppingCartPage :130 - Get total price : [[ChromeDriver: chrome on windows (3f3cebe9896282f1138c58e3e993d6e6)] -> xpath: (//td[contains(text(),'£737.45')])[3]]
2023-12-19 13:12:420 INFO  ShoppingCartPage :136 - Clicking check out button : [[ChromeDriver: chrome on windows (3f3cebe9896282f1138c58e3e993d6e6)] -> xpath: //a[@class='btn btn-primary']]
2023-12-19 13:12:473 INFO  CheckoutPage :89 - Get text from : [[ChromeDriver: chrome on windows (3f3cebe9896282f1138c58e3e993d6e6)] -> xpath: //h1[normalize-space()='Checkout']]
2023-12-19 13:12:810 INFO  CheckoutPage :95 - Get text from : [[ChromeDriver: chrome on windows (3f3cebe9896282f1138c58e3e993d6e6)] -> xpath: (//h2[normalize-space()='New Customer'])[1]]
2023-12-19 13:12:928 INFO  CheckoutPage :101 - Clicking on : [[ChromeDriver: chrome on windows (3f3cebe9896282f1138c58e3e993d6e6)] -> xpath: //input[@value='guest']]
2023-12-19 13:12:14 INFO  CheckoutPage :106 - Clicking on : [[ChromeDriver: chrome on windows (3f3cebe9896282f1138c58e3e993d6e6)] -> css selector: #button-account]
2023-12-19 13:12:507 INFO  CheckoutPage :124 - Clicking on : [[ChromeDriver: chrome on windows (3f3cebe9896282f1138c58e3e993d6e6)] -> xpath: //input[@id='button-guest']]
2023-12-19 13:12:412 INFO  CheckoutPage :130 - Enter comment : Leave it in Porch in comment area [[ChromeDriver: chrome on windows (3f3cebe9896282f1138c58e3e993d6e6)] -> xpath: //textarea[@name='comment']]
2023-12-19 13:12:475 INFO  CheckoutPage :135 - Clicking on terms and condition : [[ChromeDriver: chrome on windows (3f3cebe9896282f1138c58e3e993d6e6)] -> css selector: input[value='1'][name='agree']]
2023-12-19 13:12:574 INFO  CheckoutPage :140 - Clicking on continue button : [[ChromeDriver: chrome on windows (3f3cebe9896282f1138c58e3e993d6e6)] -> xpath: //input[@id='button-payment-method']]
2023-12-19 13:12:955 INFO  CheckoutPage :145 - Get warning message for payment method from : [[ChromeDriver: chrome on windows (3f3cebe9896282f1138c58e3e993d6e6)] -> xpath: //div[@class ='alert alert-danger alert-dismissible']]
2023-12-19 13:12:683 INFO  HomePage :74 - Clicking on desktop from : [[ChromeDriver: chrome on windows (79fdf15f836bb1fd598de6d55194cbd2)] -> link text: Desktops]
2023-12-19 13:12:487 INFO  HomePage :58 - Select menu from : Show AllDesktops[[ChromeDriver: chrome on windows (79fdf15f836bb1fd598de6d55194cbd2)] -> link text: Show AllDesktops]
2023-12-19 13:12:84 INFO  DesktopPage :62 - Select sortBy Name (Z - A) in descending order [[ChromeDriver: chrome on windows (79fdf15f836bb1fd598de6d55194cbd2)] -> xpath: //select[@id='input-sort']]
2023-12-19 13:12:945 INFO  HomePage :107 - Clicking on dropdown from : [[ChromeDriver: chrome on windows (860f50259bcd5bdbe96046844e0d84ef)] -> xpath: //button[@class='btn btn-link dropdown-toggle']]
2023-12-19 13:12:35 INFO  HomePage :112 - Clicking on sterling from dropdown : [[ChromeDriver: chrome on windows (860f50259bcd5bdbe96046844e0d84ef)] -> xpath: (//button[normalize-space()='£Pound Sterling'])[1]]
2023-12-19 13:12:229 INFO  HomePage :74 - Clicking on desktop from : [[ChromeDriver: chrome on windows (860f50259bcd5bdbe96046844e0d84ef)] -> link text: Desktops]
2023-12-19 13:12:683 INFO  HomePage :58 - Select menu from : Show AllDesktops[[ChromeDriver: chrome on windows (860f50259bcd5bdbe96046844e0d84ef)] -> link text: Show AllDesktops]
2023-12-19 13:12:370 INFO  DesktopPage :68 - Select sortBy Name (A - Z) in ascending order [[ChromeDriver: chrome on windows (860f50259bcd5bdbe96046844e0d84ef)] -> xpath: //select[@id='input-sort']]
2023-12-19 13:12:26 INFO  ProductPage :41 - Get product name from : [[ChromeDriver: chrome on windows (860f50259bcd5bdbe96046844e0d84ef)] -> css selector: div[id='content'] h1]
2023-12-19 13:12:193 INFO  ProductPage :54 - clear field : [[ChromeDriver: chrome on windows (860f50259bcd5bdbe96046844e0d84ef)] -> name: quantity]
2023-12-19 13:12:248 INFO  ProductPage :56 - Enter Qty : [[ChromeDriver: chrome on windows (860f50259bcd5bdbe96046844e0d84ef)] -> name: quantity] in Qty field [[ChromeDriver: chrome on windows (860f50259bcd5bdbe96046844e0d84ef)] -> name: quantity]
2023-12-19 13:12:354 INFO  ProductPage :61 - Clicking Add to cart button : [[ChromeDriver: chrome on windows (860f50259bcd5bdbe96046844e0d84ef)] -> xpath: //button[@id='button-cart']]
2023-12-19 13:12:707 INFO  ProductPage :66 - Get success message from : [[ChromeDriver: chrome on windows (860f50259bcd5bdbe96046844e0d84ef)] -> xpath: //div[@class='alert alert-success alert-dismissible']]
2023-12-19 13:12:896 INFO  HomePage :107 - Clicking on dropdown from : [[ChromeDriver: chrome on windows (976dd7ebde2afe19ff8f92e2c031dc52)] -> xpath: //button[@class='btn btn-link dropdown-toggle']]
2023-12-19 13:12:913 INFO  HomePage :112 - Clicking on sterling from dropdown : [[ChromeDriver: chrome on windows (976dd7ebde2afe19ff8f92e2c031dc52)] -> xpath: (//button[normalize-space()='£Pound Sterling'])[1]]
2023-12-19 13:12:99 INFO  HomePage :74 - Clicking on desktop from : [[ChromeDriver: chrome on windows (976dd7ebde2afe19ff8f92e2c031dc52)] -> link text: Desktops]
2023-12-19 13:12:647 INFO  HomePage :58 - Select menu from : Show AllDesktops[[ChromeDriver: chrome on windows (976dd7ebde2afe19ff8f92e2c031dc52)] -> link text: Show AllDesktops]
2023-12-19 13:12:229 INFO  DesktopPage :68 - Select sortBy Name (A - Z) in ascending order [[ChromeDriver: chrome on windows (976dd7ebde2afe19ff8f92e2c031dc52)] -> xpath: //select[@id='input-sort']]
2023-12-19 13:12:132 INFO  ProductPage :41 - Get product name from : [[ChromeDriver: chrome on windows (976dd7ebde2afe19ff8f92e2c031dc52)] -> css selector: div[id='content'] h1]
2023-12-19 13:12:268 INFO  ProductPage :54 - clear field : [[ChromeDriver: chrome on windows (976dd7ebde2afe19ff8f92e2c031dc52)] -> name: quantity]
2023-12-19 13:12:311 INFO  ProductPage :56 - Enter Qty : [[ChromeDriver: chrome on windows (976dd7ebde2afe19ff8f92e2c031dc52)] -> name: quantity] in Qty field [[ChromeDriver: chrome on windows (976dd7ebde2afe19ff8f92e2c031dc52)] -> name: quantity]
2023-12-19 13:12:416 INFO  ProductPage :61 - Clicking Add to cart button : [[ChromeDriver: chrome on windows (976dd7ebde2afe19ff8f92e2c031dc52)] -> xpath: //button[@id='button-cart']]
2023-12-19 13:12:752 INFO  ProductPage :66 - Get success message from : [[ChromeDriver: chrome on windows (976dd7ebde2afe19ff8f92e2c031dc52)] -> xpath: //div[@class='alert alert-success alert-dismissible']]
2023-12-19 13:12:301 INFO  ProductPage :72 - Clicking shopping cart button : [[ChromeDriver: chrome on windows (976dd7ebde2afe19ff8f92e2c031dc52)] -> xpath: //a[normalize-space()='shopping cart']]
2023-12-19 13:12:345 INFO  ShoppingCartPage :73 - Get Shopping cart text : [[ChromeDriver: chrome on windows (976dd7ebde2afe19ff8f92e2c031dc52)] -> xpath: //h1[contains(text(),'Shopping Cart')]]
2023-12-19 13:12:372 INFO  ShoppingCartPage :79 - Get product name : [[ChromeDriver: chrome on windows (976dd7ebde2afe19ff8f92e2c031dc52)] -> xpath: //div[@class = 'table-responsive']/table/tbody/tr/td[2]/a]
2023-12-19 13:12:428 INFO  ShoppingCartPage :91 - Get model : [[ChromeDriver: chrome on windows (976dd7ebde2afe19ff8f92e2c031dc52)] -> xpath: //div[@class = 'table-responsive']/table/tbody/tr/td[3]]
2023-12-19 13:12:457 INFO  ShoppingCartPage :97 - Get total : [[ChromeDriver: chrome on windows (976dd7ebde2afe19ff8f92e2c031dc52)] -> xpath: //div[@class = 'table-responsive']/table/tbody/tr/td[6]]
2023-12-19 13:12:885 INFO  HomePage :107 - Clicking on dropdown from : [[ChromeDriver: chrome on windows (a41c390e63ecfb91e230e965af49d05a)] -> xpath: //button[@class='btn btn-link dropdown-toggle']]
2023-12-19 13:12:925 INFO  HomePage :112 - Clicking on sterling from dropdown : [[ChromeDriver: chrome on windows (a41c390e63ecfb91e230e965af49d05a)] -> xpath: (//button[normalize-space()='£Pound Sterling'])[1]]
2023-12-19 13:12:114 INFO  HomePage :74 - Clicking on desktop from : [[ChromeDriver: chrome on windows (a41c390e63ecfb91e230e965af49d05a)] -> link text: Desktops]
2023-12-19 13:12:408 INFO  HomePage :58 - Select menu from : Show AllDesktops[[ChromeDriver: chrome on windows (a41c390e63ecfb91e230e965af49d05a)] -> link text: Show AllDesktops]
2023-12-19 13:12:246 INFO  DesktopPage :68 - Select sortBy Name (A - Z) in ascending order [[ChromeDriver: chrome on windows (a41c390e63ecfb91e230e965af49d05a)] -> xpath: //select[@id='input-sort']]
2023-12-19 13:12:728 INFO  ProductPage :41 - Get product name from : [[ChromeDriver: chrome on windows (a41c390e63ecfb91e230e965af49d05a)] -> css selector: div[id='content'] h1]
2023-12-19 13:12:931 INFO  ProductPage :54 - clear field : [[ChromeDriver: chrome on windows (a41c390e63ecfb91e230e965af49d05a)] -> name: quantity]
2023-12-19 13:12:974 INFO  ProductPage :56 - Enter Qty : [[ChromeDriver: chrome on windows (a41c390e63ecfb91e230e965af49d05a)] -> name: quantity] in Qty field [[ChromeDriver: chrome on windows (a41c390e63ecfb91e230e965af49d05a)] -> name: quantity]
2023-12-19 13:12:52 INFO  ProductPage :61 - Clicking Add to cart button : [[ChromeDriver: chrome on windows (a41c390e63ecfb91e230e965af49d05a)] -> xpath: //button[@id='button-cart']]
2023-12-19 13:12:459 INFO  ProductPage :66 - Get success message from : [[ChromeDriver: chrome on windows (a41c390e63ecfb91e230e965af49d05a)] -> xpath: //div[@class='alert alert-success alert-dismissible']]
2023-12-19 13:12:644 INFO  ProductPage :72 - Clicking shopping cart button : [[ChromeDriver: chrome on windows (a41c390e63ecfb91e230e965af49d05a)] -> xpath: //a[normalize-space()='shopping cart']]
2023-12-19 13:12:700 INFO  ShoppingCartPage :73 - Get Shopping cart text : [[ChromeDriver: chrome on windows (a41c390e63ecfb91e230e965af49d05a)] -> xpath: //h1[contains(text(),'Shopping Cart')]]
2023-12-19 13:12:740 INFO  ShoppingCartPage :79 - Get product name : [[ChromeDriver: chrome on windows (a41c390e63ecfb91e230e965af49d05a)] -> xpath: //div[@class = 'table-responsive']/table/tbody/tr/td[2]/a]
2023-12-19 13:12:798 INFO  ShoppingCartPage :91 - Get model : [[ChromeDriver: chrome on windows (a41c390e63ecfb91e230e965af49d05a)] -> xpath: //div[@class = 'table-responsive']/table/tbody/tr/td[3]]
2023-12-19 13:12:851 INFO  ShoppingCartPage :97 - Get total : [[ChromeDriver: chrome on windows (a41c390e63ecfb91e230e965af49d05a)] -> xpath: //div[@class = 'table-responsive']/table/tbody/tr/td[6]]
2023-12-19 13:12:132 INFO  HomePage :107 - Clicking on dropdown from : [[ChromeDriver: chrome on windows (fa2b15f666b53afddd7965b44f7f819a)] -> xpath: //button[@class='btn btn-link dropdown-toggle']]
2023-12-19 13:12:261 INFO  HomePage :112 - Clicking on sterling from dropdown : [[ChromeDriver: chrome on windows (fa2b15f666b53afddd7965b44f7f819a)] -> xpath: (//button[normalize-space()='£Pound Sterling'])[1]]
2023-12-19 13:12:432 INFO  HomePage :74 - Clicking on desktop from : [[ChromeDriver: chrome on windows (fa2b15f666b53afddd7965b44f7f819a)] -> link text: Desktops]
2023-12-19 13:12:897 INFO  HomePage :58 - Select menu from : Show AllDesktops[[ChromeDriver: chrome on windows (fa2b15f666b53afddd7965b44f7f819a)] -> link text: Show AllDesktops]
2023-12-19 13:12:572 INFO  DesktopPage :68 - Select sortBy Name (A - Z) in ascending order [[ChromeDriver: chrome on windows (fa2b15f666b53afddd7965b44f7f819a)] -> xpath: //select[@id='input-sort']]
2023-12-19 13:12:392 INFO  ProductPage :41 - Get product name from : [[ChromeDriver: chrome on windows (fa2b15f666b53afddd7965b44f7f819a)] -> css selector: div[id='content'] h1]
2023-12-19 13:12:602 INFO  ProductPage :54 - clear field : [[ChromeDriver: chrome on windows (fa2b15f666b53afddd7965b44f7f819a)] -> name: quantity]
2023-12-19 13:12:649 INFO  ProductPage :56 - Enter Qty : [[ChromeDriver: chrome on windows (fa2b15f666b53afddd7965b44f7f819a)] -> name: quantity] in Qty field [[ChromeDriver: chrome on windows (fa2b15f666b53afddd7965b44f7f819a)] -> name: quantity]
2023-12-19 13:12:736 INFO  ProductPage :61 - Clicking Add to cart button : [[ChromeDriver: chrome on windows (fa2b15f666b53afddd7965b44f7f819a)] -> xpath: //button[@id='button-cart']]
2023-12-19 13:12:114 INFO  ProductPage :66 - Get success message from : [[ChromeDriver: chrome on windows (fa2b15f666b53afddd7965b44f7f819a)] -> xpath: //div[@class='alert alert-success alert-dismissible']]
2023-12-19 13:12:648 INFO  ProductPage :72 - Clicking shopping cart button : [[ChromeDriver: chrome on windows (fa2b15f666b53afddd7965b44f7f819a)] -> xpath: //a[normalize-space()='shopping cart']]
2023-12-19 13:12:679 INFO  ShoppingCartPage :73 - Get Shopping cart text : [[ChromeDriver: chrome on windows (fa2b15f666b53afddd7965b44f7f819a)] -> xpath: //h1[contains(text(),'Shopping Cart')]]
2023-12-19 13:12:739 INFO  ShoppingCartPage :79 - Get product name : [[ChromeDriver: chrome on windows (fa2b15f666b53afddd7965b44f7f819a)] -> xpath: //div[@class = 'table-responsive']/table/tbody/tr/td[2]/a]
2023-12-19 13:12:776 INFO  ShoppingCartPage :91 - Get model : [[ChromeDriver: chrome on windows (fa2b15f666b53afddd7965b44f7f819a)] -> xpath: //div[@class = 'table-responsive']/table/tbody/tr/td[3]]
2023-12-19 13:12:812 INFO  ShoppingCartPage :97 - Get total : [[ChromeDriver: chrome on windows (fa2b15f666b53afddd7965b44f7f819a)] -> xpath: //div[@class = 'table-responsive']/table/tbody/tr/td[6]]
2023-12-19 13:12:665 INFO  HomePage :107 - Clicking on dropdown from : [[ChromeDriver: chrome on windows (bf5d1816d004dcd42e8d6396ee166ef3)] -> xpath: //button[@class='btn btn-link dropdown-toggle']]
2023-12-19 13:12:673 INFO  HomePage :112 - Clicking on sterling from dropdown : [[ChromeDriver: chrome on windows (bf5d1816d004dcd42e8d6396ee166ef3)] -> xpath: (//button[normalize-space()='£Pound Sterling'])[1]]
2023-12-19 13:12:857 INFO  HomePage :74 - Clicking on desktop from : [[ChromeDriver: chrome on windows (bf5d1816d004dcd42e8d6396ee166ef3)] -> link text: Desktops]
2023-12-19 13:12:124 INFO  HomePage :58 - Select menu from : Show AllDesktops[[ChromeDriver: chrome on windows (bf5d1816d004dcd42e8d6396ee166ef3)] -> link text: Show AllDesktops]
2023-12-19 13:12:790 INFO  DesktopPage :68 - Select sortBy Name (A - Z) in ascending order [[ChromeDriver: chrome on windows (bf5d1816d004dcd42e8d6396ee166ef3)] -> xpath: //select[@id='input-sort']]
2023-12-19 13:12:171 INFO  ProductPage :41 - Get product name from : [[ChromeDriver: chrome on windows (bf5d1816d004dcd42e8d6396ee166ef3)] -> css selector: div[id='content'] h1]
2023-12-19 13:12:349 INFO  ProductPage :54 - clear field : [[ChromeDriver: chrome on windows (bf5d1816d004dcd42e8d6396ee166ef3)] -> name: quantity]
2023-12-19 13:12:392 INFO  ProductPage :56 - Enter Qty : [[ChromeDriver: chrome on windows (bf5d1816d004dcd42e8d6396ee166ef3)] -> name: quantity] in Qty field [[ChromeDriver: chrome on windows (bf5d1816d004dcd42e8d6396ee166ef3)] -> name: quantity]
2023-12-19 13:12:472 INFO  ProductPage :61 - Clicking Add to cart button : [[ChromeDriver: chrome on windows (bf5d1816d004dcd42e8d6396ee166ef3)] -> xpath: //button[@id='button-cart']]
2023-12-19 13:12:945 INFO  ProductPage :66 - Get success message from : [[ChromeDriver: chrome on windows (bf5d1816d004dcd42e8d6396ee166ef3)] -> xpath: //div[@class='alert alert-success alert-dismissible']]
2023-12-19 13:12:767 INFO  ProductPage :72 - Clicking shopping cart button : [[ChromeDriver: chrome on windows (bf5d1816d004dcd42e8d6396ee166ef3)] -> xpath: //a[normalize-space()='shopping cart']]
2023-12-19 13:12:821 INFO  ShoppingCartPage :73 - Get Shopping cart text : [[ChromeDriver: chrome on windows (bf5d1816d004dcd42e8d6396ee166ef3)] -> xpath: //h1[contains(text(),'Shopping Cart')]]
2023-12-19 13:12:862 INFO  ShoppingCartPage :79 - Get product name : [[ChromeDriver: chrome on windows (bf5d1816d004dcd42e8d6396ee166ef3)] -> xpath: //div[@class = 'table-responsive']/table/tbody/tr/td[2]/a]
2023-12-19 13:12:894 INFO  ShoppingCartPage :91 - Get model : [[ChromeDriver: chrome on windows (bf5d1816d004dcd42e8d6396ee166ef3)] -> xpath: //div[@class = 'table-responsive']/table/tbody/tr/td[3]]
2023-12-19 13:12:927 INFO  ShoppingCartPage :97 - Get total : [[ChromeDriver: chrome on windows (bf5d1816d004dcd42e8d6396ee166ef3)] -> xpath: //div[@class = 'table-responsive']/table/tbody/tr/td[6]]
2023-12-19 13:12:204 INFO  HomePage :107 - Clicking on dropdown from : [[ChromeDriver: chrome on windows (104dd0894db02dff7baeb9f1bea5a0f0)] -> xpath: //button[@class='btn btn-link dropdown-toggle']]
2023-12-19 13:12:210 INFO  HomePage :112 - Clicking on sterling from dropdown : [[ChromeDriver: chrome on windows (104dd0894db02dff7baeb9f1bea5a0f0)] -> xpath: (//button[normalize-space()='£Pound Sterling'])[1]]
2023-12-19 13:12:389 INFO  HomePage :74 - Clicking on desktop from : [[ChromeDriver: chrome on windows (104dd0894db02dff7baeb9f1bea5a0f0)] -> link text: Desktops]
2023-12-19 13:12:672 INFO  HomePage :58 - Select menu from : Show AllDesktops[[ChromeDriver: chrome on windows (104dd0894db02dff7baeb9f1bea5a0f0)] -> link text: Show AllDesktops]
2023-12-19 13:12:394 INFO  DesktopPage :68 - Select sortBy Name (A - Z) in ascending order [[ChromeDriver: chrome on windows (104dd0894db02dff7baeb9f1bea5a0f0)] -> xpath: //select[@id='input-sort']]
2023-12-19 13:12:266 INFO  ProductPage :41 - Get product name from : [[ChromeDriver: chrome on windows (104dd0894db02dff7baeb9f1bea5a0f0)] -> css selector: div[id='content'] h1]
2023-12-19 13:12:458 INFO  ProductPage :54 - clear field : [[ChromeDriver: chrome on windows (104dd0894db02dff7baeb9f1bea5a0f0)] -> name: quantity]
2023-12-19 13:12:505 INFO  ProductPage :56 - Enter Qty : [[ChromeDriver: chrome on windows (104dd0894db02dff7baeb9f1bea5a0f0)] -> name: quantity] in Qty field [[ChromeDriver: chrome on windows (104dd0894db02dff7baeb9f1bea5a0f0)] -> name: quantity]
2023-12-19 13:12:571 INFO  ProductPage :61 - Clicking Add to cart button : [[ChromeDriver: chrome on windows (104dd0894db02dff7baeb9f1bea5a0f0)] -> xpath: //button[@id='button-cart']]
2023-12-19 13:12:31 INFO  ProductPage :66 - Get success message from : [[ChromeDriver: chrome on windows (104dd0894db02dff7baeb9f1bea5a0f0)] -> xpath: //div[@class='alert alert-success alert-dismissible']]
2023-12-19 13:12:977 INFO  ProductPage :72 - Clicking shopping cart button : [[ChromeDriver: chrome on windows (104dd0894db02dff7baeb9f1bea5a0f0)] -> xpath: //a[normalize-space()='shopping cart']]
2023-12-19 13:12:22 INFO  ShoppingCartPage :73 - Get Shopping cart text : [[ChromeDriver: chrome on windows (104dd0894db02dff7baeb9f1bea5a0f0)] -> xpath: //h1[contains(text(),'Shopping Cart')]]
2023-12-19 13:12:68 INFO  ShoppingCartPage :79 - Get product name : [[ChromeDriver: chrome on windows (104dd0894db02dff7baeb9f1bea5a0f0)] -> xpath: //div[@class = 'table-responsive']/table/tbody/tr/td[2]/a]
2023-12-19 13:12:104 INFO  ShoppingCartPage :91 - Get model : [[ChromeDriver: chrome on windows (104dd0894db02dff7baeb9f1bea5a0f0)] -> xpath: //div[@class = 'table-responsive']/table/tbody/tr/td[3]]
2023-12-19 13:12:143 INFO  ShoppingCartPage :97 - Get total : [[ChromeDriver: chrome on windows (104dd0894db02dff7baeb9f1bea5a0f0)] -> xpath: //div[@class = 'table-responsive']/table/tbody/tr/td[6]]
2023-12-19 13:12:888 INFO  HomePage :117 - Clicking on account link : [[ChromeDriver: chrome on windows (3af42cb400fa97f05b12dbfa70fb1eef)] -> xpath: //span[normalize-space()='My Account']]
2023-12-19 13:12:887 INFO  AccountPage :95 - get array list : Register[[ChromeDriver: chrome on windows (3af42cb400fa97f05b12dbfa70fb1eef)] -> link text: Register]
2023-12-19 13:12:952 INFO  RegisterPage :62 - Get Register account text : [[ChromeDriver: chrome on windows (3af42cb400fa97f05b12dbfa70fb1eef)] -> xpath: //h1[normalize-space()='Register Account']]
2023-12-19 13:12:389 INFO  HomePage :117 - Clicking on account link : [[ChromeDriver: chrome on windows (7e6eb75a9ce713fb38b7201673c1ef95)] -> xpath: //span[normalize-space()='My Account']]
2023-12-19 13:12:963 INFO  AccountPage :95 - get array list : Login[[ChromeDriver: chrome on windows (7e6eb75a9ce713fb38b7201673c1ef95)] -> link text: Login]
2023-12-19 13:12:23 INFO  RegisterPage :68 - Get Register account text : [[ChromeDriver: chrome on windows (7e6eb75a9ce713fb38b7201673c1ef95)] -> xpath: //h2[normalize-space()='Returning Customer']]
2023-12-19 13:12:829 INFO  HomePage :117 - Clicking on account link : [[ChromeDriver: chrome on windows (65eabc7cf20756e22605e95543d76a44)] -> xpath: //span[normalize-space()='My Account']]
2023-12-19 13:12:946 INFO  AccountPage :95 - get array list : Register[[ChromeDriver: chrome on windows (65eabc7cf20756e22605e95543d76a44)] -> link text: Register]
2023-12-19 13:12:104 INFO  RegisterPage :74 - Enter First name : Neill in first name field [[ChromeDriver: chrome on windows (65eabc7cf20756e22605e95543d76a44)] -> id: input-firstname]
2023-12-19 13:12:226 INFO  RegisterPage :79 - Enter surname : Cooper in last name field [[ChromeDriver: chrome on windows (65eabc7cf20756e22605e95543d76a44)] -> id: input-lastname]
2023-12-19 13:12:395 INFO  RegisterPage :86 - Enter email : ncooper18@test.com in email field [[ChromeDriver: chrome on windows (65eabc7cf20756e22605e95543d76a44)] -> id: input-email]
2023-12-19 13:12:539 INFO  RegisterPage :95 - Enter telephone number : 07896543210 in number field [[ChromeDriver: chrome on windows (65eabc7cf20756e22605e95543d76a44)] -> id: input-telephone]
2023-12-19 13:12:645 INFO  RegisterPage :100 - Enter password : Pen2paper in password field [[ChromeDriver: chrome on windows (65eabc7cf20756e22605e95543d76a44)] -> id: input-password]
2023-12-19 13:12:748 INFO  RegisterPage :105 - Enter confirm password: Pen2paper in confirm password field [[ChromeDriver: chrome on windows (65eabc7cf20756e22605e95543d76a44)] -> xpath: //input[@id='input-confirm']]
2023-12-19 13:12:827 INFO  RegisterPage :110 - Clicking on subscribe radio button : [[ChromeDriver: chrome on windows (65eabc7cf20756e22605e95543d76a44)] -> xpath: //label[normalize-space()='Yes']]
2023-12-19 13:12:914 INFO  RegisterPage :115 - Clicking on privacy box button : [[ChromeDriver: chrome on windows (65eabc7cf20756e22605e95543d76a44)] -> css selector: input[value='1'][name='agree']]
2023-12-19 13:12:412 INFO  RegisterPage :120 - Clicking on continue button : [[ChromeDriver: chrome on windows (65eabc7cf20756e22605e95543d76a44)] -> xpath: //input[@value='Continue']]
2023-12-19 13:12:888 INFO  HomePage :117 - Clicking on account link : [[ChromeDriver: chrome on windows (b5c09984dd11e435bb579e92eee1e40d)] -> xpath: //span[normalize-space()='My Account']]
2023-12-19 13:12:478 INFO  AccountPage :95 - get array list : Login[[ChromeDriver: chrome on windows (b5c09984dd11e435bb579e92eee1e40d)] -> link text: Login]
2023-12-19 13:12:682 INFO  RegisterPage :86 - Enter email : ncooper18@test.com in email field [[ChromeDriver: chrome on windows (b5c09984dd11e435bb579e92eee1e40d)] -> id: input-email]
2023-12-19 13:12:818 INFO  RegisterPage :100 - Enter password : Pen2paper in password field [[ChromeDriver: chrome on windows (b5c09984dd11e435bb579e92eee1e40d)] -> id: input-password]
2023-12-19 13:12:716 INFO  AccountPage :78 - Clicking on : [[ChromeDriver: chrome on windows (b5c09984dd11e435bb579e92eee1e40d)] -> xpath: //input[@value='Login']]
2023-12-19 13:12:775 INFO  AccountPage :83 - Get text from : [[ChromeDriver: chrome on windows (b5c09984dd11e435bb579e92eee1e40d)] -> xpath: //h2[normalize-space()='My Account']]
2023-12-19 13:12:956 INFO  HomePage :117 - Clicking on account link : [[ChromeDriver: chrome on windows (b5c09984dd11e435bb579e92eee1e40d)] -> xpath: //span[normalize-space()='My Account']]
2023-12-19 13:12:918 INFO  AccountPage :95 - get array list : Logout[[ChromeDriver: chrome on windows (b5c09984dd11e435bb579e92eee1e40d)] -> link text: Logout]
2023-12-19 13:12:976 INFO  AccountPage :67 - Get text from : [[ChromeDriver: chrome on windows (b5c09984dd11e435bb579e92eee1e40d)] -> xpath: //a[normalize-space()='Logout']]
2023-12-19 13:12:592 INFO  AccountPage :73 - Clicking on : [[ChromeDriver: chrome on windows (b5c09984dd11e435bb579e92eee1e40d)] -> xpath: //a[normalize-space()='Continue']]
2023-12-19 13:12:110 INFO  HomePage :74 - Clicking on desktop from : [[ChromeDriver: chrome on windows (a34c34d892092366f8a1908b7f1b5ab0)] -> link text: Desktops]
2023-12-19 13:12:343 INFO  HomePage :58 - Select menu from : Show AllDesktops[[ChromeDriver: chrome on windows (a34c34d892092366f8a1908b7f1b5ab0)] -> link text: Show AllDesktops]
2023-12-19 13:12:399 INFO  HomePage :79 - Clicking on desktop from : [[ChromeDriver: chrome on windows (a34c34d892092366f8a1908b7f1b5ab0)] -> xpath: //h2[contains(text(),'Desktops')]]
2023-12-19 13:12:794 INFO  HomePage :85 - Clicking on laptop and notebook from : [[ChromeDriver: chrome on windows (871d7ba284d02aff120b1a1156288b91)] -> xpath: //a[normalize-space()='Laptops & Notebooks']]
2023-12-19 13:12:647 INFO  HomePage :58 - Select menu from : Show AllLaptops & Notebooks[[ChromeDriver: chrome on windows (871d7ba284d02aff120b1a1156288b91)] -> link text: Show AllLaptops & Notebooks]
2023-12-19 13:12:699 INFO  HomePage :90 - Clicking on desktop from : [[ChromeDriver: chrome on windows (871d7ba284d02aff120b1a1156288b91)] -> xpath: //h2[normalize-space()='Laptops & Notebooks']]
2023-12-19 13:12:587 INFO  HomePage :96 - Clicking on components from : [[ChromeDriver: chrome on windows (2fcf3ccacbcb35fa5cb30413a3f6ffb0)] -> xpath: //a[normalize-space()='Components']]
2023-12-19 13:12:821 INFO  HomePage :58 - Select menu from : Show AllComponents[[ChromeDriver: chrome on windows (2fcf3ccacbcb35fa5cb30413a3f6ffb0)] -> link text: Show AllComponents]
2023-12-19 13:12:872 INFO  HomePage :101 - Clicking on desktop from : [[ChromeDriver: chrome on windows (2fcf3ccacbcb35fa5cb30413a3f6ffb0)] -> xpath: //h2[normalize-space()='Components']]
